{"C:\\Users\\poiri\\Desktop\\CDA-24-2\\1_EVAL BLOCS\\2_INDIVIDUEL\\cesiZen\\backend\\config\\db.js": {"path":"C:\\Users\\poiri\\Desktop\\CDA-24-2\\1_EVAL BLOCS\\2_INDIVIDUEL\\cesiZen\\backend\\config\\db.js","statementMap":{"0":{"start":{"line":1,"column":14},"end":{"line":1,"column":30}},"1":{"start":{"line":2,"column":0},"end":{"line":2,"column":27}},"2":{"start":{"line":4,"column":11},"end":{"line":9,"column":2}},"3":{"start":{"line":11,"column":0},"end":{"line":14,"column":3}},"4":{"start":{"line":12,"column":4},"end":{"line":12,"column":23}},"5":{"start":{"line":12,"column":13},"end":{"line":12,"column":23}},"6":{"start":{"line":13,"column":4},"end":{"line":13,"column":41}},"7":{"start":{"line":16,"column":0},"end":{"line":16,"column":20}}},"fnMap":{"0":{"name":"(anonymous_0)","decl":{"start":{"line":11,"column":11},"end":{"line":11,"column":12}},"loc":{"start":{"line":11,"column":20},"end":{"line":14,"column":1}},"line":11}},"branchMap":{"0":{"loc":{"start":{"line":12,"column":4},"end":{"line":12,"column":23}},"type":"if","locations":[{"start":{"line":12,"column":4},"end":{"line":12,"column":23}},{"start":{},"end":{}}],"line":12}},"s":{"0":10,"1":10,"2":10,"3":10,"4":2,"5":1,"6":1,"7":9},"f":{"0":2},"b":{"0":[1,1]},"_coverageSchema":"1a1c01bbd47fc00a2c39e90264f33305004495a9","hash":"c9d187f6d129c0f1214acf5a9b63fc17de9ac426"}
,"C:\\Users\\poiri\\Desktop\\CDA-24-2\\1_EVAL BLOCS\\2_INDIVIDUEL\\cesiZen\\backend\\controllers\\EmotionController.js": {"path":"C:\\Users\\poiri\\Desktop\\CDA-24-2\\1_EVAL BLOCS\\2_INDIVIDUEL\\cesiZen\\backend\\controllers\\EmotionController.js","statementMap":{"0":{"start":{"line":1,"column":16},"end":{"line":1,"column":44}},"1":{"start":{"line":3,"column":26},"end":{"line":58,"column":1}},"2":{"start":{"line":6,"column":24},"end":{"line":6,"column":32}},"3":{"start":{"line":7,"column":8},"end":{"line":12,"column":11}},"4":{"start":{"line":8,"column":12},"end":{"line":10,"column":13}},"5":{"start":{"line":9,"column":16},"end":{"line":9,"column":68}},"6":{"start":{"line":11,"column":12},"end":{"line":11,"column":41}},"7":{"start":{"line":17,"column":8},"end":{"line":22,"column":11}},"8":{"start":{"line":18,"column":12},"end":{"line":20,"column":13}},"9":{"start":{"line":19,"column":16},"end":{"line":19,"column":68}},"10":{"start":{"line":21,"column":12},"end":{"line":21,"column":31}},"11":{"start":{"line":27,"column":19},"end":{"line":27,"column":32}},"12":{"start":{"line":28,"column":8},"end":{"line":33,"column":11}},"13":{"start":{"line":29,"column":12},"end":{"line":31,"column":13}},"14":{"start":{"line":30,"column":16},"end":{"line":30,"column":68}},"15":{"start":{"line":32,"column":12},"end":{"line":32,"column":30}},"16":{"start":{"line":38,"column":19},"end":{"line":38,"column":32}},"17":{"start":{"line":39,"column":24},"end":{"line":39,"column":32}},"18":{"start":{"line":40,"column":8},"end":{"line":45,"column":11}},"19":{"start":{"line":41,"column":12},"end":{"line":43,"column":13}},"20":{"start":{"line":42,"column":16},"end":{"line":42,"column":68}},"21":{"start":{"line":44,"column":12},"end":{"line":44,"column":29}},"22":{"start":{"line":50,"column":19},"end":{"line":50,"column":32}},"23":{"start":{"line":51,"column":8},"end":{"line":56,"column":11}},"24":{"start":{"line":52,"column":12},"end":{"line":54,"column":13}},"25":{"start":{"line":53,"column":16},"end":{"line":53,"column":68}},"26":{"start":{"line":55,"column":12},"end":{"line":55,"column":29}},"27":{"start":{"line":60,"column":0},"end":{"line":60,"column":35}}},"fnMap":{"0":{"name":"(anonymous_0)","decl":{"start":{"line":5,"column":19},"end":{"line":5,"column":20}},"loc":{"start":{"line":5,"column":33},"end":{"line":13,"column":5}},"line":5},"1":{"name":"(anonymous_1)","decl":{"start":{"line":7,"column":32},"end":{"line":7,"column":33}},"loc":{"start":{"line":7,"column":49},"end":{"line":12,"column":9}},"line":7},"2":{"name":"(anonymous_2)","decl":{"start":{"line":16,"column":20},"end":{"line":16,"column":21}},"loc":{"start":{"line":16,"column":34},"end":{"line":23,"column":5}},"line":16},"3":{"name":"(anonymous_3)","decl":{"start":{"line":17,"column":24},"end":{"line":17,"column":25}},"loc":{"start":{"line":17,"column":43},"end":{"line":22,"column":9}},"line":17},"4":{"name":"(anonymous_4)","decl":{"start":{"line":26,"column":20},"end":{"line":26,"column":21}},"loc":{"start":{"line":26,"column":34},"end":{"line":34,"column":5}},"line":26},"5":{"name":"(anonymous_5)","decl":{"start":{"line":28,"column":29},"end":{"line":28,"column":30}},"loc":{"start":{"line":28,"column":47},"end":{"line":33,"column":9}},"line":28},"6":{"name":"(anonymous_6)","decl":{"start":{"line":37,"column":19},"end":{"line":37,"column":20}},"loc":{"start":{"line":37,"column":33},"end":{"line":46,"column":5}},"line":37},"7":{"name":"(anonymous_7)","decl":{"start":{"line":40,"column":36},"end":{"line":40,"column":37}},"loc":{"start":{"line":40,"column":53},"end":{"line":45,"column":9}},"line":40},"8":{"name":"(anonymous_8)","decl":{"start":{"line":49,"column":19},"end":{"line":49,"column":20}},"loc":{"start":{"line":49,"column":33},"end":{"line":57,"column":5}},"line":49},"9":{"name":"(anonymous_9)","decl":{"start":{"line":51,"column":27},"end":{"line":51,"column":28}},"loc":{"start":{"line":51,"column":44},"end":{"line":56,"column":9}},"line":51}},"branchMap":{"0":{"loc":{"start":{"line":8,"column":12},"end":{"line":10,"column":13}},"type":"if","locations":[{"start":{"line":8,"column":12},"end":{"line":10,"column":13}},{"start":{},"end":{}}],"line":8},"1":{"loc":{"start":{"line":18,"column":12},"end":{"line":20,"column":13}},"type":"if","locations":[{"start":{"line":18,"column":12},"end":{"line":20,"column":13}},{"start":{},"end":{}}],"line":18},"2":{"loc":{"start":{"line":29,"column":12},"end":{"line":31,"column":13}},"type":"if","locations":[{"start":{"line":29,"column":12},"end":{"line":31,"column":13}},{"start":{},"end":{}}],"line":29},"3":{"loc":{"start":{"line":41,"column":12},"end":{"line":43,"column":13}},"type":"if","locations":[{"start":{"line":41,"column":12},"end":{"line":43,"column":13}},{"start":{},"end":{}}],"line":41},"4":{"loc":{"start":{"line":52,"column":12},"end":{"line":54,"column":13}},"type":"if","locations":[{"start":{"line":52,"column":12},"end":{"line":54,"column":13}},{"start":{},"end":{}}],"line":52}},"s":{"0":1,"1":1,"2":2,"3":2,"4":2,"5":1,"6":1,"7":2,"8":2,"9":1,"10":1,"11":2,"12":2,"13":2,"14":1,"15":1,"16":2,"17":2,"18":2,"19":2,"20":1,"21":1,"22":2,"23":2,"24":2,"25":1,"26":1,"27":1},"f":{"0":2,"1":2,"2":2,"3":2,"4":2,"5":2,"6":2,"7":2,"8":2,"9":2},"b":{"0":[1,1],"1":[1,1],"2":[1,1],"3":[1,1],"4":[1,1]},"_coverageSchema":"1a1c01bbd47fc00a2c39e90264f33305004495a9","hash":"76562f17e1cc639622c55f5b376fda58ea00fa1b"}
,"C:\\Users\\poiri\\Desktop\\CDA-24-2\\1_EVAL BLOCS\\2_INDIVIDUEL\\cesiZen\\backend\\controllers\\activitesController.js": {"path":"C:\\Users\\poiri\\Desktop\\CDA-24-2\\1_EVAL BLOCS\\2_INDIVIDUEL\\cesiZen\\backend\\controllers\\activitesController.js","statementMap":{"0":{"start":{"line":1,"column":17},"end":{"line":1,"column":47}},"1":{"start":{"line":3,"column":0},"end":{"line":39,"column":2}},"2":{"start":{"line":8,"column":8},"end":{"line":8,"column":16}},"3":{"start":{"line":11,"column":4},"end":{"line":13,"column":5}},"4":{"start":{"line":12,"column":8},"end":{"line":12,"column":144}},"5":{"start":{"line":16,"column":4},"end":{"line":18,"column":5}},"6":{"start":{"line":17,"column":8},"end":{"line":17,"column":96}},"7":{"start":{"line":20,"column":24},"end":{"line":30,"column":5}},"8":{"start":{"line":32,"column":4},"end":{"line":38,"column":7}},"9":{"start":{"line":33,"column":8},"end":{"line":36,"column":9}},"10":{"start":{"line":34,"column":12},"end":{"line":34,"column":76}},"11":{"start":{"line":35,"column":12},"end":{"line":35,"column":106}},"12":{"start":{"line":37,"column":8},"end":{"line":37,"column":93}},"13":{"start":{"line":42,"column":0},"end":{"line":47,"column":2}},"14":{"start":{"line":43,"column":4},"end":{"line":46,"column":7}},"15":{"start":{"line":44,"column":8},"end":{"line":44,"column":50}},"16":{"start":{"line":44,"column":17},"end":{"line":44,"column":50}},"17":{"start":{"line":45,"column":8},"end":{"line":45,"column":29}},"18":{"start":{"line":49,"column":0},"end":{"line":55,"column":2}},"19":{"start":{"line":50,"column":23},"end":{"line":50,"column":36}},"20":{"start":{"line":51,"column":4},"end":{"line":54,"column":7}},"21":{"start":{"line":52,"column":8},"end":{"line":52,"column":50}},"22":{"start":{"line":52,"column":17},"end":{"line":52,"column":50}},"23":{"start":{"line":53,"column":8},"end":{"line":53,"column":29}},"24":{"start":{"line":58,"column":0},"end":{"line":82,"column":2}},"25":{"start":{"line":59,"column":122},"end":{"line":59,"column":130}},"26":{"start":{"line":60,"column":15},"end":{"line":60,"column":28}},"27":{"start":{"line":62,"column":4},"end":{"line":64,"column":5}},"28":{"start":{"line":63,"column":8},"end":{"line":63,"column":96}},"29":{"start":{"line":66,"column":28},"end":{"line":76,"column":5}},"30":{"start":{"line":78,"column":4},"end":{"line":81,"column":7}},"31":{"start":{"line":79,"column":8},"end":{"line":79,"column":50}},"32":{"start":{"line":79,"column":17},"end":{"line":79,"column":50}},"33":{"start":{"line":80,"column":8},"end":{"line":80,"column":66}},"34":{"start":{"line":85,"column":0},"end":{"line":90,"column":2}},"35":{"start":{"line":86,"column":4},"end":{"line":89,"column":7}},"36":{"start":{"line":87,"column":8},"end":{"line":87,"column":50}},"37":{"start":{"line":87,"column":17},"end":{"line":87,"column":50}},"38":{"start":{"line":88,"column":8},"end":{"line":88,"column":64}}},"fnMap":{"0":{"name":"(anonymous_0)","decl":{"start":{"line":3,"column":17},"end":{"line":3,"column":18}},"loc":{"start":{"line":3,"column":31},"end":{"line":39,"column":1}},"line":3},"1":{"name":"(anonymous_1)","decl":{"start":{"line":32,"column":33},"end":{"line":32,"column":34}},"loc":{"start":{"line":32,"column":50},"end":{"line":38,"column":5}},"line":32},"2":{"name":"(anonymous_2)","decl":{"start":{"line":42,"column":18},"end":{"line":42,"column":19}},"loc":{"start":{"line":42,"column":32},"end":{"line":47,"column":1}},"line":42},"3":{"name":"(anonymous_3)","decl":{"start":{"line":43,"column":21},"end":{"line":43,"column":22}},"loc":{"start":{"line":43,"column":42},"end":{"line":46,"column":5}},"line":43},"4":{"name":"(anonymous_4)","decl":{"start":{"line":49,"column":25},"end":{"line":49,"column":26}},"loc":{"start":{"line":49,"column":39},"end":{"line":55,"column":1}},"line":49},"5":{"name":"(anonymous_5)","decl":{"start":{"line":51,"column":40},"end":{"line":51,"column":41}},"loc":{"start":{"line":51,"column":61},"end":{"line":54,"column":5}},"line":51},"6":{"name":"(anonymous_6)","decl":{"start":{"line":58,"column":17},"end":{"line":58,"column":18}},"loc":{"start":{"line":58,"column":31},"end":{"line":82,"column":1}},"line":58},"7":{"name":"(anonymous_7)","decl":{"start":{"line":78,"column":41},"end":{"line":78,"column":42}},"loc":{"start":{"line":78,"column":58},"end":{"line":81,"column":5}},"line":78},"8":{"name":"(anonymous_8)","decl":{"start":{"line":85,"column":17},"end":{"line":85,"column":18}},"loc":{"start":{"line":85,"column":31},"end":{"line":90,"column":1}},"line":85},"9":{"name":"(anonymous_9)","decl":{"start":{"line":86,"column":35},"end":{"line":86,"column":36}},"loc":{"start":{"line":86,"column":52},"end":{"line":89,"column":5}},"line":86}},"branchMap":{"0":{"loc":{"start":{"line":11,"column":4},"end":{"line":13,"column":5}},"type":"if","locations":[{"start":{"line":11,"column":4},"end":{"line":13,"column":5}},{"start":{},"end":{}}],"line":11},"1":{"loc":{"start":{"line":11,"column":8},"end":{"line":11,"column":74}},"type":"binary-expr","locations":[{"start":{"line":11,"column":8},"end":{"line":11,"column":29}},{"start":{"line":11,"column":33},"end":{"line":11,"column":57}},{"start":{"line":11,"column":61},"end":{"line":11,"column":74}}],"line":11},"2":{"loc":{"start":{"line":16,"column":4},"end":{"line":18,"column":5}},"type":"if","locations":[{"start":{"line":16,"column":4},"end":{"line":18,"column":5}},{"start":{},"end":{}}],"line":16},"3":{"loc":{"start":{"line":21,"column":22},"end":{"line":21,"column":42}},"type":"binary-expr","locations":[{"start":{"line":21,"column":22},"end":{"line":21,"column":34}},{"start":{"line":21,"column":38},"end":{"line":21,"column":42}}],"line":21},"4":{"loc":{"start":{"line":25,"column":23},"end":{"line":25,"column":44}},"type":"binary-expr","locations":[{"start":{"line":25,"column":23},"end":{"line":25,"column":36}},{"start":{"line":25,"column":40},"end":{"line":25,"column":44}}],"line":25},"5":{"loc":{"start":{"line":26,"column":24},"end":{"line":26,"column":46}},"type":"binary-expr","locations":[{"start":{"line":26,"column":24},"end":{"line":26,"column":38}},{"start":{"line":26,"column":42},"end":{"line":26,"column":46}}],"line":26},"6":{"loc":{"start":{"line":27,"column":19},"end":{"line":27,"column":36}},"type":"binary-expr","locations":[{"start":{"line":27,"column":19},"end":{"line":27,"column":28}},{"start":{"line":27,"column":32},"end":{"line":27,"column":36}}],"line":27},"7":{"loc":{"start":{"line":28,"column":21},"end":{"line":28,"column":40}},"type":"binary-expr","locations":[{"start":{"line":28,"column":21},"end":{"line":28,"column":32}},{"start":{"line":28,"column":36},"end":{"line":28,"column":40}}],"line":28},"8":{"loc":{"start":{"line":29,"column":20},"end":{"line":29,"column":38}},"type":"binary-expr","locations":[{"start":{"line":29,"column":20},"end":{"line":29,"column":30}},{"start":{"line":29,"column":34},"end":{"line":29,"column":38}}],"line":29},"9":{"loc":{"start":{"line":33,"column":8},"end":{"line":36,"column":9}},"type":"if","locations":[{"start":{"line":33,"column":8},"end":{"line":36,"column":9}},{"start":{},"end":{}}],"line":33},"10":{"loc":{"start":{"line":44,"column":8},"end":{"line":44,"column":50}},"type":"if","locations":[{"start":{"line":44,"column":8},"end":{"line":44,"column":50}},{"start":{},"end":{}}],"line":44},"11":{"loc":{"start":{"line":52,"column":8},"end":{"line":52,"column":50}},"type":"if","locations":[{"start":{"line":52,"column":8},"end":{"line":52,"column":50}},{"start":{},"end":{}}],"line":52},"12":{"loc":{"start":{"line":62,"column":4},"end":{"line":64,"column":5}},"type":"if","locations":[{"start":{"line":62,"column":4},"end":{"line":64,"column":5}},{"start":{},"end":{}}],"line":62},"13":{"loc":{"start":{"line":79,"column":8},"end":{"line":79,"column":50}},"type":"if","locations":[{"start":{"line":79,"column":8},"end":{"line":79,"column":50}},{"start":{},"end":{}}],"line":79},"14":{"loc":{"start":{"line":87,"column":8},"end":{"line":87,"column":50}},"type":"if","locations":[{"start":{"line":87,"column":8},"end":{"line":87,"column":50}},{"start":{},"end":{}}],"line":87}},"s":{"0":1,"1":1,"2":4,"3":4,"4":1,"5":3,"6":0,"7":3,"8":3,"9":3,"10":1,"11":1,"12":2,"13":1,"14":1,"15":1,"16":0,"17":1,"18":1,"19":1,"20":1,"21":1,"22":0,"23":1,"24":1,"25":1,"26":1,"27":1,"28":0,"29":1,"30":1,"31":1,"32":0,"33":1,"34":1,"35":1,"36":1,"37":0,"38":1},"f":{"0":4,"1":3,"2":1,"3":1,"4":1,"5":1,"6":1,"7":1,"8":1,"9":1},"b":{"0":[1,3],"1":[4,3,3],"2":[0,3],"3":[3,0],"4":[3,3],"5":[3,3],"6":[3,3],"7":[3,3],"8":[3,3],"9":[1,2],"10":[0,1],"11":[0,1],"12":[0,1],"13":[0,1],"14":[0,1]},"_coverageSchema":"1a1c01bbd47fc00a2c39e90264f33305004495a9","hash":"68c4547647b2fd6f87d9a0fc71a5c850b0fcfc6b"}
,"C:\\Users\\poiri\\Desktop\\CDA-24-2\\1_EVAL BLOCS\\2_INDIVIDUEL\\cesiZen\\backend\\controllers\\categoriesController.js": {"path":"C:\\Users\\poiri\\Desktop\\CDA-24-2\\1_EVAL BLOCS\\2_INDIVIDUEL\\cesiZen\\backend\\controllers\\categoriesController.js","statementMap":{"0":{"start":{"line":1,"column":18},"end":{"line":1,"column":48}},"1":{"start":{"line":4,"column":29},"end":{"line":15,"column":1}},"2":{"start":{"line":7,"column":8},"end":{"line":13,"column":11}},"3":{"start":{"line":8,"column":12},"end":{"line":11,"column":13}},"4":{"start":{"line":9,"column":16},"end":{"line":9,"column":86}},"5":{"start":{"line":10,"column":16},"end":{"line":10,"column":87}},"6":{"start":{"line":12,"column":12},"end":{"line":12,"column":42}},"7":{"start":{"line":17,"column":0},"end":{"line":17,"column":38}}},"fnMap":{"0":{"name":"(anonymous_0)","decl":{"start":{"line":6,"column":22},"end":{"line":6,"column":23}},"loc":{"start":{"line":6,"column":36},"end":{"line":14,"column":5}},"line":6},"1":{"name":"(anonymous_1)","decl":{"start":{"line":7,"column":26},"end":{"line":7,"column":27}},"loc":{"start":{"line":7,"column":44},"end":{"line":13,"column":9}},"line":7}},"branchMap":{"0":{"loc":{"start":{"line":8,"column":12},"end":{"line":11,"column":13}},"type":"if","locations":[{"start":{"line":8,"column":12},"end":{"line":11,"column":13}},{"start":{},"end":{}}],"line":8}},"s":{"0":1,"1":1,"2":2,"3":2,"4":1,"5":1,"6":1,"7":1},"f":{"0":2,"1":2},"b":{"0":[1,1]},"_coverageSchema":"1a1c01bbd47fc00a2c39e90264f33305004495a9","hash":"a088eb2a17d70bf4ec2d83cac517b96044716d7e"}
,"C:\\Users\\poiri\\Desktop\\CDA-24-2\\1_EVAL BLOCS\\2_INDIVIDUEL\\cesiZen\\backend\\controllers\\favorisController.js": {"path":"C:\\Users\\poiri\\Desktop\\CDA-24-2\\1_EVAL BLOCS\\2_INDIVIDUEL\\cesiZen\\backend\\controllers\\favorisController.js","statementMap":{"0":{"start":{"line":1,"column":16},"end":{"line":1,"column":44}},"1":{"start":{"line":4,"column":0},"end":{"line":18,"column":2}},"2":{"start":{"line":5,"column":19},"end":{"line":9,"column":3}},"3":{"start":{"line":10,"column":2},"end":{"line":17,"column":5}},"4":{"start":{"line":11,"column":4},"end":{"line":16,"column":5}},"5":{"start":{"line":12,"column":6},"end":{"line":12,"column":66}},"6":{"start":{"line":13,"column":6},"end":{"line":13,"column":53}},"7":{"start":{"line":15,"column":6},"end":{"line":15,"column":35}},"8":{"start":{"line":21,"column":0},"end":{"line":30,"column":2}},"9":{"start":{"line":22,"column":17},"end":{"line":22,"column":27}},"10":{"start":{"line":23,"column":2},"end":{"line":29,"column":5}},"11":{"start":{"line":24,"column":4},"end":{"line":28,"column":5}},"12":{"start":{"line":25,"column":6},"end":{"line":25,"column":53}},"13":{"start":{"line":27,"column":6},"end":{"line":27,"column":26}},"14":{"start":{"line":33,"column":0},"end":{"line":41,"column":2}},"15":{"start":{"line":34,"column":2},"end":{"line":40,"column":5}},"16":{"start":{"line":35,"column":4},"end":{"line":39,"column":5}},"17":{"start":{"line":36,"column":6},"end":{"line":36,"column":53}},"18":{"start":{"line":38,"column":6},"end":{"line":38,"column":26}},"19":{"start":{"line":44,"column":0},"end":{"line":53,"column":2}},"20":{"start":{"line":45,"column":21},"end":{"line":45,"column":34}},"21":{"start":{"line":46,"column":2},"end":{"line":52,"column":5}},"22":{"start":{"line":47,"column":4},"end":{"line":51,"column":5}},"23":{"start":{"line":48,"column":6},"end":{"line":48,"column":53}},"24":{"start":{"line":50,"column":6},"end":{"line":50,"column":25}},"25":{"start":{"line":56,"column":0},"end":{"line":70,"column":2}},"26":{"start":{"line":57,"column":21},"end":{"line":57,"column":34}},"27":{"start":{"line":58,"column":26},"end":{"line":62,"column":3}},"28":{"start":{"line":63,"column":2},"end":{"line":69,"column":5}},"29":{"start":{"line":64,"column":4},"end":{"line":68,"column":5}},"30":{"start":{"line":65,"column":6},"end":{"line":65,"column":53}},"31":{"start":{"line":67,"column":6},"end":{"line":67,"column":23}},"32":{"start":{"line":73,"column":0},"end":{"line":82,"column":2}},"33":{"start":{"line":74,"column":21},"end":{"line":74,"column":34}},"34":{"start":{"line":75,"column":2},"end":{"line":81,"column":5}},"35":{"start":{"line":76,"column":4},"end":{"line":80,"column":5}},"36":{"start":{"line":77,"column":6},"end":{"line":77,"column":53}},"37":{"start":{"line":79,"column":6},"end":{"line":79,"column":23}}},"fnMap":{"0":{"name":"(anonymous_0)","decl":{"start":{"line":4,"column":25},"end":{"line":4,"column":26}},"loc":{"start":{"line":4,"column":39},"end":{"line":18,"column":1}},"line":4},"1":{"name":"(anonymous_1)","decl":{"start":{"line":10,"column":27},"end":{"line":10,"column":28}},"loc":{"start":{"line":10,"column":44},"end":{"line":17,"column":3}},"line":10},"2":{"name":"(anonymous_2)","decl":{"start":{"line":21,"column":29},"end":{"line":21,"column":30}},"loc":{"start":{"line":21,"column":43},"end":{"line":30,"column":1}},"line":21},"3":{"name":"(anonymous_3)","decl":{"start":{"line":23,"column":31},"end":{"line":23,"column":32}},"loc":{"start":{"line":23,"column":51},"end":{"line":29,"column":3}},"line":23},"4":{"name":"(anonymous_4)","decl":{"start":{"line":33,"column":26},"end":{"line":33,"column":27}},"loc":{"start":{"line":33,"column":40},"end":{"line":41,"column":1}},"line":33},"5":{"name":"(anonymous_5)","decl":{"start":{"line":34,"column":18},"end":{"line":34,"column":19}},"loc":{"start":{"line":34,"column":38},"end":{"line":40,"column":3}},"line":34},"6":{"name":"(anonymous_6)","decl":{"start":{"line":44,"column":26},"end":{"line":44,"column":27}},"loc":{"start":{"line":44,"column":40},"end":{"line":53,"column":1}},"line":44},"7":{"name":"(anonymous_7)","decl":{"start":{"line":46,"column":31},"end":{"line":46,"column":32}},"loc":{"start":{"line":46,"column":50},"end":{"line":52,"column":3}},"line":46},"8":{"name":"(anonymous_8)","decl":{"start":{"line":56,"column":25},"end":{"line":56,"column":26}},"loc":{"start":{"line":56,"column":39},"end":{"line":70,"column":1}},"line":56},"9":{"name":"(anonymous_9)","decl":{"start":{"line":63,"column":46},"end":{"line":63,"column":47}},"loc":{"start":{"line":63,"column":63},"end":{"line":69,"column":3}},"line":63},"10":{"name":"(anonymous_10)","decl":{"start":{"line":73,"column":25},"end":{"line":73,"column":26}},"loc":{"start":{"line":73,"column":39},"end":{"line":82,"column":1}},"line":73},"11":{"name":"(anonymous_11)","decl":{"start":{"line":75,"column":29},"end":{"line":75,"column":30}},"loc":{"start":{"line":75,"column":46},"end":{"line":81,"column":3}},"line":75}},"branchMap":{"0":{"loc":{"start":{"line":7,"column":17},"end":{"line":7,"column":45}},"type":"binary-expr","locations":[{"start":{"line":7,"column":17},"end":{"line":7,"column":37}},{"start":{"line":7,"column":41},"end":{"line":7,"column":45}}],"line":7},"1":{"loc":{"start":{"line":11,"column":4},"end":{"line":16,"column":5}},"type":"if","locations":[{"start":{"line":11,"column":4},"end":{"line":16,"column":5}},{"start":{"line":14,"column":11},"end":{"line":16,"column":5}}],"line":11},"2":{"loc":{"start":{"line":24,"column":4},"end":{"line":28,"column":5}},"type":"if","locations":[{"start":{"line":24,"column":4},"end":{"line":28,"column":5}},{"start":{"line":26,"column":11},"end":{"line":28,"column":5}}],"line":24},"3":{"loc":{"start":{"line":35,"column":4},"end":{"line":39,"column":5}},"type":"if","locations":[{"start":{"line":35,"column":4},"end":{"line":39,"column":5}},{"start":{"line":37,"column":11},"end":{"line":39,"column":5}}],"line":35},"4":{"loc":{"start":{"line":47,"column":4},"end":{"line":51,"column":5}},"type":"if","locations":[{"start":{"line":47,"column":4},"end":{"line":51,"column":5}},{"start":{"line":49,"column":11},"end":{"line":51,"column":5}}],"line":47},"5":{"loc":{"start":{"line":60,"column":17},"end":{"line":60,"column":45}},"type":"binary-expr","locations":[{"start":{"line":60,"column":17},"end":{"line":60,"column":37}},{"start":{"line":60,"column":41},"end":{"line":60,"column":45}}],"line":60},"6":{"loc":{"start":{"line":64,"column":4},"end":{"line":68,"column":5}},"type":"if","locations":[{"start":{"line":64,"column":4},"end":{"line":68,"column":5}},{"start":{"line":66,"column":11},"end":{"line":68,"column":5}}],"line":64},"7":{"loc":{"start":{"line":76,"column":4},"end":{"line":80,"column":5}},"type":"if","locations":[{"start":{"line":76,"column":4},"end":{"line":80,"column":5}},{"start":{"line":78,"column":11},"end":{"line":80,"column":5}}],"line":76}},"s":{"0":1,"1":1,"2":1,"3":1,"4":1,"5":0,"6":0,"7":1,"8":1,"9":1,"10":1,"11":1,"12":0,"13":1,"14":1,"15":1,"16":1,"17":0,"18":1,"19":1,"20":1,"21":1,"22":1,"23":0,"24":1,"25":1,"26":1,"27":1,"28":1,"29":1,"30":0,"31":1,"32":1,"33":1,"34":1,"35":1,"36":0,"37":1},"f":{"0":1,"1":1,"2":1,"3":1,"4":1,"5":1,"6":1,"7":1,"8":1,"9":1,"10":1,"11":1},"b":{"0":[1,1],"1":[0,1],"2":[0,1],"3":[0,1],"4":[0,1],"5":[1,1],"6":[0,1],"7":[0,1]},"_coverageSchema":"1a1c01bbd47fc00a2c39e90264f33305004495a9","hash":"3caf201e499189acf82949bdd8869df7d1302bf3"}
,"C:\\Users\\poiri\\Desktop\\CDA-24-2\\1_EVAL BLOCS\\2_INDIVIDUEL\\cesiZen\\backend\\controllers\\infoController.js": {"path":"C:\\Users\\poiri\\Desktop\\CDA-24-2\\1_EVAL BLOCS\\2_INDIVIDUEL\\cesiZen\\backend\\controllers\\infoController.js","statementMap":{"0":{"start":{"line":1,"column":13},"end":{"line":1,"column":38}},"1":{"start":{"line":3,"column":0},"end":{"line":11,"column":2}},"2":{"start":{"line":4,"column":54},"end":{"line":4,"column":62}},"3":{"start":{"line":5,"column":20},"end":{"line":5,"column":61}},"4":{"start":{"line":7,"column":4},"end":{"line":10,"column":7}},"5":{"start":{"line":8,"column":8},"end":{"line":8,"column":43}},"6":{"start":{"line":8,"column":17},"end":{"line":8,"column":43}},"7":{"start":{"line":9,"column":8},"end":{"line":9,"column":38}},"8":{"start":{"line":13,"column":0},"end":{"line":21,"column":2}},"9":{"start":{"line":14,"column":4},"end":{"line":20,"column":7}},"10":{"start":{"line":15,"column":8},"end":{"line":18,"column":9}},"11":{"start":{"line":16,"column":12},"end":{"line":16,"column":83}},"12":{"start":{"line":17,"column":12},"end":{"line":17,"column":84}},"13":{"start":{"line":19,"column":8},"end":{"line":19,"column":23}},"14":{"start":{"line":23,"column":0},"end":{"line":35,"column":2}},"15":{"start":{"line":24,"column":19},"end":{"line":24,"column":29}},"16":{"start":{"line":25,"column":54},"end":{"line":25,"column":62}},"17":{"start":{"line":26,"column":24},"end":{"line":26,"column":65}},"18":{"start":{"line":28,"column":4},"end":{"line":34,"column":7}},"19":{"start":{"line":29,"column":8},"end":{"line":32,"column":9}},"20":{"start":{"line":30,"column":12},"end":{"line":30,"column":82}},"21":{"start":{"line":31,"column":12},"end":{"line":31,"column":73}},"22":{"start":{"line":33,"column":8},"end":{"line":33,"column":56}},"23":{"start":{"line":37,"column":0},"end":{"line":47,"column":2}},"24":{"start":{"line":38,"column":19},"end":{"line":38,"column":29}},"25":{"start":{"line":40,"column":4},"end":{"line":46,"column":7}},"26":{"start":{"line":41,"column":8},"end":{"line":44,"column":9}},"27":{"start":{"line":42,"column":12},"end":{"line":42,"column":82}},"28":{"start":{"line":43,"column":12},"end":{"line":43,"column":73}},"29":{"start":{"line":45,"column":8},"end":{"line":45,"column":54}}},"fnMap":{"0":{"name":"(anonymous_0)","decl":{"start":{"line":3,"column":17},"end":{"line":3,"column":18}},"loc":{"start":{"line":3,"column":31},"end":{"line":11,"column":1}},"line":3},"1":{"name":"(anonymous_1)","decl":{"start":{"line":7,"column":25},"end":{"line":7,"column":26}},"loc":{"start":{"line":7,"column":40},"end":{"line":10,"column":5}},"line":7},"2":{"name":"(anonymous_2)","decl":{"start":{"line":13,"column":18},"end":{"line":13,"column":19}},"loc":{"start":{"line":13,"column":32},"end":{"line":21,"column":1}},"line":13},"3":{"name":"(anonymous_3)","decl":{"start":{"line":14,"column":17},"end":{"line":14,"column":18}},"loc":{"start":{"line":14,"column":32},"end":{"line":20,"column":5}},"line":14},"4":{"name":"(anonymous_4)","decl":{"start":{"line":23,"column":17},"end":{"line":23,"column":18}},"loc":{"start":{"line":23,"column":31},"end":{"line":35,"column":1}},"line":23},"5":{"name":"(anonymous_5)","decl":{"start":{"line":28,"column":33},"end":{"line":28,"column":34}},"loc":{"start":{"line":28,"column":50},"end":{"line":34,"column":5}},"line":28},"6":{"name":"(anonymous_6)","decl":{"start":{"line":37,"column":17},"end":{"line":37,"column":18}},"loc":{"start":{"line":37,"column":31},"end":{"line":47,"column":1}},"line":37},"7":{"name":"(anonymous_7)","decl":{"start":{"line":40,"column":20},"end":{"line":40,"column":21}},"loc":{"start":{"line":40,"column":37},"end":{"line":46,"column":5}},"line":40}},"branchMap":{"0":{"loc":{"start":{"line":8,"column":8},"end":{"line":8,"column":43}},"type":"if","locations":[{"start":{"line":8,"column":8},"end":{"line":8,"column":43}},{"start":{},"end":{}}],"line":8},"1":{"loc":{"start":{"line":15,"column":8},"end":{"line":18,"column":9}},"type":"if","locations":[{"start":{"line":15,"column":8},"end":{"line":18,"column":9}},{"start":{},"end":{}}],"line":15},"2":{"loc":{"start":{"line":29,"column":8},"end":{"line":32,"column":9}},"type":"if","locations":[{"start":{"line":29,"column":8},"end":{"line":32,"column":9}},{"start":{},"end":{}}],"line":29},"3":{"loc":{"start":{"line":41,"column":8},"end":{"line":44,"column":9}},"type":"if","locations":[{"start":{"line":41,"column":8},"end":{"line":44,"column":9}},{"start":{},"end":{}}],"line":41}},"s":{"0":1,"1":1,"2":2,"3":2,"4":2,"5":2,"6":1,"7":2,"8":1,"9":2,"10":2,"11":1,"12":1,"13":2,"14":1,"15":2,"16":2,"17":2,"18":2,"19":2,"20":1,"21":1,"22":1,"23":1,"24":2,"25":2,"26":2,"27":1,"28":1,"29":1},"f":{"0":2,"1":2,"2":2,"3":2,"4":2,"5":2,"6":2,"7":2},"b":{"0":[1,1],"1":[1,1],"2":[1,1],"3":[1,1]},"_coverageSchema":"1a1c01bbd47fc00a2c39e90264f33305004495a9","hash":"404d3dcb3a73d94df4e3fde4965e2da9c38878f7"}
,"C:\\Users\\poiri\\Desktop\\CDA-24-2\\1_EVAL BLOCS\\2_INDIVIDUEL\\cesiZen\\backend\\controllers\\userController.js": {"path":"C:\\Users\\poiri\\Desktop\\CDA-24-2\\1_EVAL BLOCS\\2_INDIVIDUEL\\cesiZen\\backend\\controllers\\userController.js","statementMap":{"0":{"start":{"line":1,"column":13},"end":{"line":1,"column":38}},"1":{"start":{"line":2,"column":15},"end":{"line":2,"column":34}},"2":{"start":{"line":3,"column":12},"end":{"line":3,"column":35}},"3":{"start":{"line":4,"column":20},"end":{"line":4,"column":54}},"4":{"start":{"line":7,"column":0},"end":{"line":21,"column":2}},"5":{"start":{"line":8,"column":61},"end":{"line":8,"column":69}},"6":{"start":{"line":11,"column":2},"end":{"line":13,"column":3}},"7":{"start":{"line":12,"column":4},"end":{"line":12,"column":59}},"8":{"start":{"line":15,"column":2},"end":{"line":20,"column":3}},"9":{"start":{"line":16,"column":17},"end":{"line":16,"column":103}},"10":{"start":{"line":17,"column":4},"end":{"line":17,"column":64}},"11":{"start":{"line":19,"column":4},"end":{"line":19,"column":123}},"12":{"start":{"line":24,"column":0},"end":{"line":29,"column":2}},"13":{"start":{"line":25,"column":2},"end":{"line":28,"column":5}},"14":{"start":{"line":26,"column":4},"end":{"line":26,"column":46}},"15":{"start":{"line":26,"column":13},"end":{"line":26,"column":46}},"16":{"start":{"line":27,"column":4},"end":{"line":27,"column":20}},"17":{"start":{"line":32,"column":0},"end":{"line":39,"column":2}},"18":{"start":{"line":33,"column":13},"end":{"line":33,"column":26}},"19":{"start":{"line":34,"column":2},"end":{"line":38,"column":5}},"20":{"start":{"line":35,"column":4},"end":{"line":35,"column":46}},"21":{"start":{"line":35,"column":13},"end":{"line":35,"column":46}},"22":{"start":{"line":36,"column":4},"end":{"line":36,"column":80}},"23":{"start":{"line":36,"column":15},"end":{"line":36,"column":80}},"24":{"start":{"line":37,"column":4},"end":{"line":37,"column":19}},"25":{"start":{"line":42,"column":0},"end":{"line":79,"column":2}},"26":{"start":{"line":43,"column":13},"end":{"line":43,"column":26}},"27":{"start":{"line":44,"column":61},"end":{"line":44,"column":69}},"28":{"start":{"line":46,"column":22},"end":{"line":46,"column":58}},"29":{"start":{"line":47,"column":2},"end":{"line":67,"column":3}},"30":{"start":{"line":48,"column":4},"end":{"line":48,"column":64}},"31":{"start":{"line":51,"column":4},"end":{"line":65,"column":7}},"32":{"start":{"line":52,"column":6},"end":{"line":52,"column":48}},"33":{"start":{"line":52,"column":15},"end":{"line":52,"column":48}},"34":{"start":{"line":53,"column":6},"end":{"line":53,"column":51}},"35":{"start":{"line":55,"column":6},"end":{"line":64,"column":9}},"36":{"start":{"line":56,"column":8},"end":{"line":59,"column":9}},"37":{"start":{"line":57,"column":10},"end":{"line":57,"column":81}},"38":{"start":{"line":58,"column":10},"end":{"line":58,"column":43}},"39":{"start":{"line":60,"column":8},"end":{"line":63,"column":11}},"40":{"start":{"line":61,"column":10},"end":{"line":61,"column":52}},"41":{"start":{"line":61,"column":19},"end":{"line":61,"column":52}},"42":{"start":{"line":62,"column":10},"end":{"line":62,"column":32}},"43":{"start":{"line":66,"column":4},"end":{"line":66,"column":11}},"44":{"start":{"line":69,"column":2},"end":{"line":78,"column":5}},"45":{"start":{"line":70,"column":4},"end":{"line":73,"column":5}},"46":{"start":{"line":71,"column":6},"end":{"line":71,"column":77}},"47":{"start":{"line":72,"column":6},"end":{"line":72,"column":39}},"48":{"start":{"line":74,"column":4},"end":{"line":77,"column":7}},"49":{"start":{"line":75,"column":6},"end":{"line":75,"column":48}},"50":{"start":{"line":75,"column":15},"end":{"line":75,"column":48}},"51":{"start":{"line":76,"column":6},"end":{"line":76,"column":28}},"52":{"start":{"line":82,"column":0},"end":{"line":92,"column":2}},"53":{"start":{"line":83,"column":17},"end":{"line":83,"column":27}},"54":{"start":{"line":84,"column":39},"end":{"line":84,"column":47}},"55":{"start":{"line":86,"column":2},"end":{"line":91,"column":3}},"56":{"start":{"line":87,"column":4},"end":{"line":87,"column":66}},"57":{"start":{"line":88,"column":4},"end":{"line":88,"column":80}},"58":{"start":{"line":90,"column":4},"end":{"line":90,"column":49}},"59":{"start":{"line":95,"column":0},"end":{"line":102,"column":2}},"60":{"start":{"line":96,"column":13},"end":{"line":96,"column":26}},"61":{"start":{"line":97,"column":2},"end":{"line":101,"column":5}},"62":{"start":{"line":98,"column":4},"end":{"line":98,"column":46}},"63":{"start":{"line":98,"column":13},"end":{"line":98,"column":46}},"64":{"start":{"line":99,"column":4},"end":{"line":99,"column":82}},"65":{"start":{"line":99,"column":17},"end":{"line":99,"column":82}},"66":{"start":{"line":100,"column":4},"end":{"line":100,"column":37}},"67":{"start":{"line":105,"column":0},"end":{"line":114,"column":2}},"68":{"start":{"line":106,"column":34},"end":{"line":106,"column":42}},"69":{"start":{"line":108,"column":2},"end":{"line":113,"column":3}},"70":{"start":{"line":109,"column":35},"end":{"line":109,"column":97}},"71":{"start":{"line":110,"column":4},"end":{"line":110,"column":48}},"72":{"start":{"line":112,"column":4},"end":{"line":112,"column":49}},"73":{"start":{"line":117,"column":0},"end":{"line":129,"column":2}},"74":{"start":{"line":118,"column":17},"end":{"line":118,"column":27}},"75":{"start":{"line":119,"column":28},"end":{"line":119,"column":36}},"76":{"start":{"line":121,"column":2},"end":{"line":128,"column":3}},"77":{"start":{"line":122,"column":16},"end":{"line":122,"column":83}},"78":{"start":{"line":123,"column":4},"end":{"line":123,"column":47}},"79":{"start":{"line":124,"column":4},"end":{"line":124,"column":57}},"80":{"start":{"line":126,"column":4},"end":{"line":126,"column":79}},"81":{"start":{"line":127,"column":4},"end":{"line":127,"column":89}}},"fnMap":{"0":{"name":"(anonymous_0)","decl":{"start":{"line":7,"column":19},"end":{"line":7,"column":20}},"loc":{"start":{"line":7,"column":39},"end":{"line":21,"column":1}},"line":7},"1":{"name":"(anonymous_1)","decl":{"start":{"line":24,"column":18},"end":{"line":24,"column":19}},"loc":{"start":{"line":24,"column":32},"end":{"line":29,"column":1}},"line":24},"2":{"name":"(anonymous_2)","decl":{"start":{"line":25,"column":15},"end":{"line":25,"column":16}},"loc":{"start":{"line":25,"column":31},"end":{"line":28,"column":3}},"line":25},"3":{"name":"(anonymous_3)","decl":{"start":{"line":32,"column":19},"end":{"line":32,"column":20}},"loc":{"start":{"line":32,"column":33},"end":{"line":39,"column":1}},"line":32},"4":{"name":"(anonymous_4)","decl":{"start":{"line":34,"column":20},"end":{"line":34,"column":21}},"loc":{"start":{"line":34,"column":35},"end":{"line":38,"column":3}},"line":34},"5":{"name":"(anonymous_5)","decl":{"start":{"line":42,"column":17},"end":{"line":42,"column":18}},"loc":{"start":{"line":42,"column":31},"end":{"line":79,"column":1}},"line":42},"6":{"name":"(anonymous_6)","decl":{"start":{"line":51,"column":22},"end":{"line":51,"column":23}},"loc":{"start":{"line":51,"column":37},"end":{"line":65,"column":5}},"line":51},"7":{"name":"(anonymous_7)","decl":{"start":{"line":55,"column":35},"end":{"line":55,"column":36}},"loc":{"start":{"line":55,"column":52},"end":{"line":64,"column":7}},"line":55},"8":{"name":"(anonymous_8)","decl":{"start":{"line":60,"column":26},"end":{"line":60,"column":27}},"loc":{"start":{"line":60,"column":48},"end":{"line":63,"column":9}},"line":60},"9":{"name":"(anonymous_9)","decl":{"start":{"line":69,"column":31},"end":{"line":69,"column":32}},"loc":{"start":{"line":69,"column":48},"end":{"line":78,"column":3}},"line":69},"10":{"name":"(anonymous_10)","decl":{"start":{"line":74,"column":22},"end":{"line":74,"column":23}},"loc":{"start":{"line":74,"column":44},"end":{"line":77,"column":5}},"line":74},"11":{"name":"(anonymous_11)","decl":{"start":{"line":82,"column":24},"end":{"line":82,"column":25}},"loc":{"start":{"line":82,"column":44},"end":{"line":92,"column":1}},"line":82},"12":{"name":"(anonymous_12)","decl":{"start":{"line":95,"column":17},"end":{"line":95,"column":18}},"loc":{"start":{"line":95,"column":31},"end":{"line":102,"column":1}},"line":95},"13":{"name":"(anonymous_13)","decl":{"start":{"line":97,"column":18},"end":{"line":97,"column":19}},"loc":{"start":{"line":97,"column":35},"end":{"line":101,"column":3}},"line":97},"14":{"name":"(anonymous_14)","decl":{"start":{"line":105,"column":16},"end":{"line":105,"column":17}},"loc":{"start":{"line":105,"column":36},"end":{"line":114,"column":1}},"line":105},"15":{"name":"(anonymous_15)","decl":{"start":{"line":117,"column":23},"end":{"line":117,"column":24}},"loc":{"start":{"line":117,"column":43},"end":{"line":129,"column":1}},"line":117}},"branchMap":{"0":{"loc":{"start":{"line":11,"column":2},"end":{"line":13,"column":3}},"type":"if","locations":[{"start":{"line":11,"column":2},"end":{"line":13,"column":3}},{"start":{},"end":{}}],"line":11},"1":{"loc":{"start":{"line":26,"column":4},"end":{"line":26,"column":46}},"type":"if","locations":[{"start":{"line":26,"column":4},"end":{"line":26,"column":46}},{"start":{},"end":{}}],"line":26},"2":{"loc":{"start":{"line":35,"column":4},"end":{"line":35,"column":46}},"type":"if","locations":[{"start":{"line":35,"column":4},"end":{"line":35,"column":46}},{"start":{},"end":{}}],"line":35},"3":{"loc":{"start":{"line":36,"column":4},"end":{"line":36,"column":80}},"type":"if","locations":[{"start":{"line":36,"column":4},"end":{"line":36,"column":80}},{"start":{},"end":{}}],"line":36},"4":{"loc":{"start":{"line":47,"column":2},"end":{"line":67,"column":3}},"type":"if","locations":[{"start":{"line":47,"column":2},"end":{"line":67,"column":3}},{"start":{"line":49,"column":9},"end":{"line":67,"column":3}}],"line":47},"5":{"loc":{"start":{"line":52,"column":6},"end":{"line":52,"column":48}},"type":"if","locations":[{"start":{"line":52,"column":6},"end":{"line":52,"column":48}},{"start":{},"end":{}}],"line":52},"6":{"loc":{"start":{"line":56,"column":8},"end":{"line":59,"column":9}},"type":"if","locations":[{"start":{"line":56,"column":8},"end":{"line":59,"column":9}},{"start":{},"end":{}}],"line":56},"7":{"loc":{"start":{"line":61,"column":10},"end":{"line":61,"column":52}},"type":"if","locations":[{"start":{"line":61,"column":10},"end":{"line":61,"column":52}},{"start":{},"end":{}}],"line":61},"8":{"loc":{"start":{"line":70,"column":4},"end":{"line":73,"column":5}},"type":"if","locations":[{"start":{"line":70,"column":4},"end":{"line":73,"column":5}},{"start":{},"end":{}}],"line":70},"9":{"loc":{"start":{"line":75,"column":6},"end":{"line":75,"column":48}},"type":"if","locations":[{"start":{"line":75,"column":6},"end":{"line":75,"column":48}},{"start":{},"end":{}}],"line":75},"10":{"loc":{"start":{"line":98,"column":4},"end":{"line":98,"column":46}},"type":"if","locations":[{"start":{"line":98,"column":4},"end":{"line":98,"column":46}},{"start":{},"end":{}}],"line":98},"11":{"loc":{"start":{"line":99,"column":4},"end":{"line":99,"column":82}},"type":"if","locations":[{"start":{"line":99,"column":4},"end":{"line":99,"column":82}},{"start":{},"end":{}}],"line":99}},"s":{"0":1,"1":1,"2":1,"3":1,"4":1,"5":2,"6":2,"7":1,"8":1,"9":1,"10":1,"11":0,"12":1,"13":1,"14":1,"15":0,"16":1,"17":1,"18":0,"19":0,"20":0,"21":0,"22":0,"23":0,"24":0,"25":1,"26":1,"27":1,"28":1,"29":1,"30":0,"31":1,"32":1,"33":0,"34":1,"35":1,"36":1,"37":0,"38":0,"39":1,"40":1,"41":0,"42":1,"43":1,"44":0,"45":0,"46":0,"47":0,"48":0,"49":0,"50":0,"51":0,"52":1,"53":2,"54":2,"55":2,"56":2,"57":1,"58":1,"59":1,"60":2,"61":2,"62":2,"63":0,"64":2,"65":1,"66":1,"67":1,"68":0,"69":0,"70":0,"71":0,"72":0,"73":1,"74":1,"75":1,"76":1,"77":1,"78":1,"79":0,"80":1,"81":1},"f":{"0":2,"1":1,"2":1,"3":0,"4":0,"5":1,"6":1,"7":1,"8":1,"9":0,"10":0,"11":2,"12":2,"13":2,"14":0,"15":1},"b":{"0":[1,1],"1":[0,1],"2":[0,0],"3":[0,0],"4":[0,1],"5":[0,1],"6":[0,1],"7":[0,1],"8":[0,0],"9":[0,0],"10":[0,2],"11":[1,1]},"_coverageSchema":"1a1c01bbd47fc00a2c39e90264f33305004495a9","hash":"a30213302a0786e7c94920d83956e577cab0c9a6"}
,"C:\\Users\\poiri\\Desktop\\CDA-24-2\\1_EVAL BLOCS\\2_INDIVIDUEL\\cesiZen\\backend\\models\\Activites.js": {"path":"C:\\Users\\poiri\\Desktop\\CDA-24-2\\1_EVAL BLOCS\\2_INDIVIDUEL\\cesiZen\\backend\\models\\Activites.js","statementMap":{"0":{"start":{"line":1,"column":11},"end":{"line":1,"column":34}},"1":{"start":{"line":3,"column":17},"end":{"line":59,"column":1}},"2":{"start":{"line":6,"column":20},"end":{"line":12,"column":9}},"3":{"start":{"line":13,"column":8},"end":{"line":17,"column":21}},"4":{"start":{"line":22,"column":20},"end":{"line":22,"column":56}},"5":{"start":{"line":23,"column":8},"end":{"line":23,"column":32}},"6":{"start":{"line":28,"column":20},"end":{"line":28,"column":79}},"7":{"start":{"line":29,"column":8},"end":{"line":29,"column":48}},"8":{"start":{"line":34,"column":20},"end":{"line":34,"column":78}},"9":{"start":{"line":35,"column":8},"end":{"line":35,"column":38}},"10":{"start":{"line":40,"column":20},"end":{"line":46,"column":9}},"11":{"start":{"line":47,"column":8},"end":{"line":51,"column":21}},"12":{"start":{"line":56,"column":20},"end":{"line":56,"column":76}},"13":{"start":{"line":57,"column":8},"end":{"line":57,"column":38}},"14":{"start":{"line":61,"column":0},"end":{"line":61,"column":26}}},"fnMap":{"0":{"name":"(anonymous_0)","decl":{"start":{"line":5,"column":12},"end":{"line":5,"column":13}},"loc":{"start":{"line":5,"column":36},"end":{"line":18,"column":5}},"line":5},"1":{"name":"(anonymous_1)","decl":{"start":{"line":21,"column":13},"end":{"line":21,"column":14}},"loc":{"start":{"line":21,"column":27},"end":{"line":24,"column":5}},"line":21},"2":{"name":"(anonymous_2)","decl":{"start":{"line":27,"column":20},"end":{"line":27,"column":21}},"loc":{"start":{"line":27,"column":48},"end":{"line":30,"column":5}},"line":27},"3":{"name":"(anonymous_3)","decl":{"start":{"line":33,"column":14},"end":{"line":33,"column":15}},"loc":{"start":{"line":33,"column":32},"end":{"line":36,"column":5}},"line":33},"4":{"name":"(anonymous_4)","decl":{"start":{"line":39,"column":13},"end":{"line":39,"column":14}},"loc":{"start":{"line":39,"column":41},"end":{"line":52,"column":5}},"line":39},"5":{"name":"(anonymous_5)","decl":{"start":{"line":55,"column":12},"end":{"line":55,"column":13}},"loc":{"start":{"line":55,"column":30},"end":{"line":58,"column":5}},"line":55}},"branchMap":{},"s":{"0":2,"1":2,"2":1,"3":1,"4":1,"5":1,"6":1,"7":1,"8":0,"9":0,"10":1,"11":1,"12":1,"13":1,"14":2},"f":{"0":1,"1":1,"2":1,"3":0,"4":1,"5":1},"b":{},"_coverageSchema":"1a1c01bbd47fc00a2c39e90264f33305004495a9","hash":"2b5c378694aa7799a272d611a3c1a25b557e57a7"}
,"C:\\Users\\poiri\\Desktop\\CDA-24-2\\1_EVAL BLOCS\\2_INDIVIDUEL\\cesiZen\\backend\\models\\Categorie.js": {"path":"C:\\Users\\poiri\\Desktop\\CDA-24-2\\1_EVAL BLOCS\\2_INDIVIDUEL\\cesiZen\\backend\\models\\Categorie.js","statementMap":{"0":{"start":{"line":1,"column":11},"end":{"line":1,"column":34}},"1":{"start":{"line":3,"column":18},"end":{"line":39,"column":1}},"2":{"start":{"line":6,"column":20},"end":{"line":6,"column":81}},"3":{"start":{"line":7,"column":8},"end":{"line":7,"column":59}},"4":{"start":{"line":12,"column":20},"end":{"line":12,"column":56}},"5":{"start":{"line":13,"column":8},"end":{"line":13,"column":32}},"6":{"start":{"line":18,"column":20},"end":{"line":18,"column":79}},"7":{"start":{"line":19,"column":8},"end":{"line":19,"column":38}},"8":{"start":{"line":24,"column":20},"end":{"line":24,"column":80}},"9":{"start":{"line":25,"column":8},"end":{"line":25,"column":49}},"10":{"start":{"line":30,"column":20},"end":{"line":30,"column":94}},"11":{"start":{"line":31,"column":8},"end":{"line":31,"column":63}},"12":{"start":{"line":36,"column":20},"end":{"line":36,"column":77}},"13":{"start":{"line":37,"column":8},"end":{"line":37,"column":38}},"14":{"start":{"line":41,"column":0},"end":{"line":41,"column":27}}},"fnMap":{"0":{"name":"(anonymous_0)","decl":{"start":{"line":5,"column":12},"end":{"line":5,"column":13}},"loc":{"start":{"line":5,"column":37},"end":{"line":8,"column":5}},"line":5},"1":{"name":"(anonymous_1)","decl":{"start":{"line":11,"column":13},"end":{"line":11,"column":14}},"loc":{"start":{"line":11,"column":27},"end":{"line":14,"column":5}},"line":11},"2":{"name":"(anonymous_2)","decl":{"start":{"line":17,"column":14},"end":{"line":17,"column":15}},"loc":{"start":{"line":17,"column":32},"end":{"line":20,"column":5}},"line":17},"3":{"name":"(anonymous_3)","decl":{"start":{"line":23,"column":16},"end":{"line":23,"column":17}},"loc":{"start":{"line":23,"column":45},"end":{"line":26,"column":5}},"line":23},"4":{"name":"(anonymous_4)","decl":{"start":{"line":29,"column":12},"end":{"line":29,"column":13}},"loc":{"start":{"line":29,"column":41},"end":{"line":32,"column":5}},"line":29},"5":{"name":"(anonymous_5)","decl":{"start":{"line":35,"column":12},"end":{"line":35,"column":13}},"loc":{"start":{"line":35,"column":30},"end":{"line":38,"column":5}},"line":35}},"branchMap":{},"s":{"0":2,"1":2,"2":1,"3":1,"4":1,"5":1,"6":1,"7":1,"8":1,"9":1,"10":1,"11":1,"12":1,"13":1,"14":2},"f":{"0":1,"1":1,"2":1,"3":1,"4":1,"5":1},"b":{},"_coverageSchema":"1a1c01bbd47fc00a2c39e90264f33305004495a9","hash":"84626faef0e06ccc7f8fb9da882d689bfa3e36ac"}
,"C:\\Users\\poiri\\Desktop\\CDA-24-2\\1_EVAL BLOCS\\2_INDIVIDUEL\\cesiZen\\backend\\models\\Emotion.js": {"path":"C:\\Users\\poiri\\Desktop\\CDA-24-2\\1_EVAL BLOCS\\2_INDIVIDUEL\\cesiZen\\backend\\models\\Emotion.js","statementMap":{"0":{"start":{"line":1,"column":11},"end":{"line":1,"column":34}},"1":{"start":{"line":3,"column":16},"end":{"line":40,"column":1}},"2":{"start":{"line":6,"column":20},"end":{"line":9,"column":9}},"3":{"start":{"line":10,"column":8},"end":{"line":10,"column":72}},"4":{"start":{"line":15,"column":20},"end":{"line":15,"column":44}},"5":{"start":{"line":16,"column":8},"end":{"line":16,"column":32}},"6":{"start":{"line":21,"column":20},"end":{"line":21,"column":65}},"7":{"start":{"line":22,"column":8},"end":{"line":22,"column":38}},"8":{"start":{"line":27,"column":20},"end":{"line":31,"column":9}},"9":{"start":{"line":32,"column":8},"end":{"line":32,"column":76}},"10":{"start":{"line":37,"column":20},"end":{"line":37,"column":63}},"11":{"start":{"line":38,"column":8},"end":{"line":38,"column":38}},"12":{"start":{"line":42,"column":0},"end":{"line":42,"column":25}}},"fnMap":{"0":{"name":"(anonymous_0)","decl":{"start":{"line":5,"column":12},"end":{"line":5,"column":13}},"loc":{"start":{"line":5,"column":35},"end":{"line":11,"column":5}},"line":5},"1":{"name":"(anonymous_1)","decl":{"start":{"line":14,"column":13},"end":{"line":14,"column":14}},"loc":{"start":{"line":14,"column":27},"end":{"line":17,"column":5}},"line":14},"2":{"name":"(anonymous_2)","decl":{"start":{"line":20,"column":14},"end":{"line":20,"column":15}},"loc":{"start":{"line":20,"column":32},"end":{"line":23,"column":5}},"line":20},"3":{"name":"(anonymous_3)","decl":{"start":{"line":26,"column":12},"end":{"line":26,"column":13}},"loc":{"start":{"line":26,"column":39},"end":{"line":33,"column":5}},"line":26},"4":{"name":"(anonymous_4)","decl":{"start":{"line":36,"column":12},"end":{"line":36,"column":13}},"loc":{"start":{"line":36,"column":30},"end":{"line":39,"column":5}},"line":36}},"branchMap":{},"s":{"0":2,"1":2,"2":1,"3":1,"4":1,"5":1,"6":1,"7":1,"8":1,"9":1,"10":1,"11":1,"12":2},"f":{"0":1,"1":1,"2":1,"3":1,"4":1},"b":{},"_coverageSchema":"1a1c01bbd47fc00a2c39e90264f33305004495a9","hash":"3c02a9fdf251fd46e7de36f3a120757225313e9b"}
,"C:\\Users\\poiri\\Desktop\\CDA-24-2\\1_EVAL BLOCS\\2_INDIVIDUEL\\cesiZen\\backend\\models\\Favoris.js": {"path":"C:\\Users\\poiri\\Desktop\\CDA-24-2\\1_EVAL BLOCS\\2_INDIVIDUEL\\cesiZen\\backend\\models\\Favoris.js","statementMap":{"0":{"start":{"line":1,"column":11},"end":{"line":1,"column":34}},"1":{"start":{"line":3,"column":16},"end":{"line":59,"column":1}},"2":{"start":{"line":6,"column":16},"end":{"line":6,"column":96}},"3":{"start":{"line":7,"column":4},"end":{"line":13,"column":7}},"4":{"start":{"line":8,"column":6},"end":{"line":11,"column":7}},"5":{"start":{"line":9,"column":8},"end":{"line":9,"column":83}},"6":{"start":{"line":10,"column":8},"end":{"line":10,"column":29}},"7":{"start":{"line":12,"column":6},"end":{"line":12,"column":29}},"8":{"start":{"line":18,"column":16},"end":{"line":22,"column":5}},"9":{"start":{"line":23,"column":4},"end":{"line":23,"column":28}},"10":{"start":{"line":28,"column":16},"end":{"line":33,"column":5}},"11":{"start":{"line":34,"column":4},"end":{"line":34,"column":34}},"12":{"start":{"line":39,"column":16},"end":{"line":44,"column":5}},"13":{"start":{"line":45,"column":4},"end":{"line":45,"column":38}},"14":{"start":{"line":50,"column":16},"end":{"line":50,"column":108}},"15":{"start":{"line":51,"column":4},"end":{"line":51,"column":111}},"16":{"start":{"line":56,"column":16},"end":{"line":56,"column":56}},"17":{"start":{"line":57,"column":4},"end":{"line":57,"column":34}},"18":{"start":{"line":61,"column":0},"end":{"line":61,"column":25}}},"fnMap":{"0":{"name":"(anonymous_0)","decl":{"start":{"line":5,"column":10},"end":{"line":5,"column":11}},"loc":{"start":{"line":5,"column":34},"end":{"line":14,"column":3}},"line":5},"1":{"name":"(anonymous_1)","decl":{"start":{"line":7,"column":97},"end":{"line":7,"column":98}},"loc":{"start":{"line":7,"column":114},"end":{"line":13,"column":5}},"line":7},"2":{"name":"(anonymous_2)","decl":{"start":{"line":17,"column":11},"end":{"line":17,"column":12}},"loc":{"start":{"line":17,"column":25},"end":{"line":24,"column":3}},"line":17},"3":{"name":"(anonymous_3)","decl":{"start":{"line":27,"column":12},"end":{"line":27,"column":13}},"loc":{"start":{"line":27,"column":30},"end":{"line":35,"column":3}},"line":27},"4":{"name":"(anonymous_4)","decl":{"start":{"line":38,"column":16},"end":{"line":38,"column":17}},"loc":{"start":{"line":38,"column":38},"end":{"line":46,"column":3}},"line":38},"5":{"name":"(anonymous_5)","decl":{"start":{"line":49,"column":10},"end":{"line":49,"column":11}},"loc":{"start":{"line":49,"column":38},"end":{"line":52,"column":3}},"line":49},"6":{"name":"(anonymous_6)","decl":{"start":{"line":55,"column":10},"end":{"line":55,"column":11}},"loc":{"start":{"line":55,"column":28},"end":{"line":58,"column":3}},"line":55}},"branchMap":{"0":{"loc":{"start":{"line":7,"column":41},"end":{"line":7,"column":69}},"type":"binary-expr","locations":[{"start":{"line":7,"column":41},"end":{"line":7,"column":61}},{"start":{"line":7,"column":65},"end":{"line":7,"column":69}}],"line":7},"1":{"loc":{"start":{"line":8,"column":6},"end":{"line":11,"column":7}},"type":"if","locations":[{"start":{"line":8,"column":6},"end":{"line":11,"column":7}},{"start":{},"end":{}}],"line":8},"2":{"loc":{"start":{"line":51,"column":41},"end":{"line":51,"column":69}},"type":"binary-expr","locations":[{"start":{"line":51,"column":41},"end":{"line":51,"column":61}},{"start":{"line":51,"column":65},"end":{"line":51,"column":69}}],"line":51}},"s":{"0":2,"1":2,"2":1,"3":1,"4":0,"5":0,"6":0,"7":0,"8":1,"9":1,"10":1,"11":1,"12":1,"13":1,"14":1,"15":1,"16":1,"17":1,"18":2},"f":{"0":1,"1":0,"2":1,"3":1,"4":1,"5":1,"6":1},"b":{"0":[1,1],"1":[0,0],"2":[1,1]},"_coverageSchema":"1a1c01bbd47fc00a2c39e90264f33305004495a9","hash":"f5b8acad23114d40c2022b255256a6f1b834d67f"}
,"C:\\Users\\poiri\\Desktop\\CDA-24-2\\1_EVAL BLOCS\\2_INDIVIDUEL\\cesiZen\\backend\\models\\Info.js": {"path":"C:\\Users\\poiri\\Desktop\\CDA-24-2\\1_EVAL BLOCS\\2_INDIVIDUEL\\cesiZen\\backend\\models\\Info.js","statementMap":{"0":{"start":{"line":1,"column":11},"end":{"line":1,"column":34}},"1":{"start":{"line":3,"column":13},"end":{"line":20,"column":1}},"2":{"start":{"line":5,"column":20},"end":{"line":5,"column":105}},"3":{"start":{"line":6,"column":8},"end":{"line":6,"column":93}},"4":{"start":{"line":9,"column":20},"end":{"line":9,"column":119}},"5":{"start":{"line":10,"column":8},"end":{"line":10,"column":32}},"6":{"start":{"line":13,"column":20},"end":{"line":13,"column":123}},"7":{"start":{"line":14,"column":8},"end":{"line":14,"column":97}},"8":{"start":{"line":17,"column":20},"end":{"line":17,"column":70}},"9":{"start":{"line":18,"column":8},"end":{"line":18,"column":38}},"10":{"start":{"line":22,"column":0},"end":{"line":22,"column":22}}},"fnMap":{"0":{"name":"(anonymous_0)","decl":{"start":{"line":4,"column":12},"end":{"line":4,"column":13}},"loc":{"start":{"line":4,"column":32},"end":{"line":7,"column":5}},"line":4},"1":{"name":"(anonymous_1)","decl":{"start":{"line":8,"column":13},"end":{"line":8,"column":14}},"loc":{"start":{"line":8,"column":27},"end":{"line":11,"column":5}},"line":8},"2":{"name":"(anonymous_2)","decl":{"start":{"line":12,"column":12},"end":{"line":12,"column":13}},"loc":{"start":{"line":12,"column":36},"end":{"line":15,"column":5}},"line":12},"3":{"name":"(anonymous_3)","decl":{"start":{"line":16,"column":12},"end":{"line":16,"column":13}},"loc":{"start":{"line":16,"column":30},"end":{"line":19,"column":5}},"line":16}},"branchMap":{},"s":{"0":2,"1":2,"2":2,"3":2,"4":2,"5":2,"6":2,"7":2,"8":2,"9":2,"10":2},"f":{"0":2,"1":2,"2":2,"3":2},"b":{},"_coverageSchema":"1a1c01bbd47fc00a2c39e90264f33305004495a9","hash":"95cec60570153b2c1ab9c0a7da9d954e118c5644"}
,"C:\\Users\\poiri\\Desktop\\CDA-24-2\\1_EVAL BLOCS\\2_INDIVIDUEL\\cesiZen\\backend\\models\\User.js": {"path":"C:\\Users\\poiri\\Desktop\\CDA-24-2\\1_EVAL BLOCS\\2_INDIVIDUEL\\cesiZen\\backend\\models\\User.js","statementMap":{"0":{"start":{"line":1,"column":11},"end":{"line":1,"column":34}},"1":{"start":{"line":3,"column":13},"end":{"line":56,"column":1}},"2":{"start":{"line":6,"column":16},"end":{"line":6,"column":116}},"3":{"start":{"line":7,"column":4},"end":{"line":7,"column":108}},"4":{"start":{"line":12,"column":16},"end":{"line":12,"column":43}},"5":{"start":{"line":13,"column":4},"end":{"line":13,"column":28}},"6":{"start":{"line":18,"column":16},"end":{"line":18,"column":59}},"7":{"start":{"line":19,"column":4},"end":{"line":22,"column":7}},"8":{"start":{"line":20,"column":6},"end":{"line":20,"column":36}},"9":{"start":{"line":20,"column":15},"end":{"line":20,"column":36}},"10":{"start":{"line":21,"column":6},"end":{"line":21,"column":33}},"11":{"start":{"line":27,"column":16},"end":{"line":27,"column":68}},"12":{"start":{"line":28,"column":4},"end":{"line":28,"column":34}},"13":{"start":{"line":33,"column":16},"end":{"line":33,"column":136}},"14":{"start":{"line":34,"column":4},"end":{"line":34,"column":112}},"15":{"start":{"line":39,"column":16},"end":{"line":39,"column":82}},"16":{"start":{"line":40,"column":4},"end":{"line":40,"column":47}},"17":{"start":{"line":46,"column":16},"end":{"line":46,"column":66}},"18":{"start":{"line":47,"column":4},"end":{"line":47,"column":34}},"19":{"start":{"line":52,"column":4},"end":{"line":52,"column":36}},"20":{"start":{"line":58,"column":0},"end":{"line":58,"column":22}}},"fnMap":{"0":{"name":"(anonymous_0)","decl":{"start":{"line":5,"column":10},"end":{"line":5,"column":11}},"loc":{"start":{"line":5,"column":30},"end":{"line":8,"column":3}},"line":5},"1":{"name":"(anonymous_1)","decl":{"start":{"line":11,"column":11},"end":{"line":11,"column":12}},"loc":{"start":{"line":11,"column":25},"end":{"line":14,"column":3}},"line":11},"2":{"name":"(anonymous_2)","decl":{"start":{"line":17,"column":15},"end":{"line":17,"column":16}},"loc":{"start":{"line":17,"column":36},"end":{"line":23,"column":3}},"line":17},"3":{"name":"(anonymous_3)","decl":{"start":{"line":19,"column":27},"end":{"line":19,"column":28}},"loc":{"start":{"line":19,"column":45},"end":{"line":22,"column":5}},"line":19},"4":{"name":"(anonymous_4)","decl":{"start":{"line":26,"column":12},"end":{"line":26,"column":13}},"loc":{"start":{"line":26,"column":30},"end":{"line":29,"column":3}},"line":26},"5":{"name":"(anonymous_5)","decl":{"start":{"line":32,"column":10},"end":{"line":32,"column":11}},"loc":{"start":{"line":32,"column":34},"end":{"line":35,"column":3}},"line":32},"6":{"name":"(anonymous_6)","decl":{"start":{"line":38,"column":18},"end":{"line":38,"column":19}},"loc":{"start":{"line":38,"column":49},"end":{"line":41,"column":3}},"line":38},"7":{"name":"(anonymous_7)","decl":{"start":{"line":45,"column":10},"end":{"line":45,"column":11}},"loc":{"start":{"line":45,"column":28},"end":{"line":48,"column":3}},"line":45},"8":{"name":"(anonymous_8)","decl":{"start":{"line":51,"column":9},"end":{"line":51,"column":10}},"loc":{"start":{"line":51,"column":36},"end":{"line":53,"column":3}},"line":51}},"branchMap":{"0":{"loc":{"start":{"line":20,"column":6},"end":{"line":20,"column":36}},"type":"if","locations":[{"start":{"line":20,"column":6},"end":{"line":20,"column":36}},{"start":{},"end":{}}],"line":20}},"s":{"0":3,"1":3,"2":1,"3":1,"4":1,"5":1,"6":1,"7":1,"8":0,"9":0,"10":0,"11":0,"12":0,"13":1,"14":1,"15":0,"16":0,"17":1,"18":1,"19":0,"20":3},"f":{"0":1,"1":1,"2":1,"3":0,"4":0,"5":1,"6":0,"7":1,"8":0},"b":{"0":[0,0]},"_coverageSchema":"1a1c01bbd47fc00a2c39e90264f33305004495a9","hash":"0392cf69853ead9d7b9a3adbbe46396b3c209f40"}
,"C:\\Users\\poiri\\Desktop\\CDA-24-2\\1_EVAL BLOCS\\2_INDIVIDUEL\\cesiZen\\backend\\services\\userService.js": {"path":"C:\\Users\\poiri\\Desktop\\CDA-24-2\\1_EVAL BLOCS\\2_INDIVIDUEL\\cesiZen\\backend\\services\\userService.js","statementMap":{"0":{"start":{"line":1,"column":15},"end":{"line":1,"column":32}},"1":{"start":{"line":3,"column":12},"end":{"line":3,"column":35}},"2":{"start":{"line":4,"column":13},"end":{"line":4,"column":38}},"3":{"start":{"line":6,"column":0},"end":{"line":36,"column":2}},"4":{"start":{"line":7,"column":4},"end":{"line":35,"column":7}},"5":{"start":{"line":9,"column":8},"end":{"line":34,"column":11}},"6":{"start":{"line":10,"column":12},"end":{"line":10,"column":40}},"7":{"start":{"line":10,"column":21},"end":{"line":10,"column":40}},"8":{"start":{"line":11,"column":12},"end":{"line":13,"column":13}},"9":{"start":{"line":12,"column":16},"end":{"line":12,"column":82}},"10":{"start":{"line":16,"column":12},"end":{"line":33,"column":15}},"11":{"start":{"line":17,"column":16},"end":{"line":17,"column":44}},"12":{"start":{"line":17,"column":25},"end":{"line":17,"column":44}},"13":{"start":{"line":20,"column":33},"end":{"line":27,"column":17}},"14":{"start":{"line":29,"column":16},"end":{"line":32,"column":19}},"15":{"start":{"line":30,"column":20},"end":{"line":30,"column":48}},"16":{"start":{"line":30,"column":29},"end":{"line":30,"column":48}},"17":{"start":{"line":31,"column":20},"end":{"line":31,"column":41}},"18":{"start":{"line":38,"column":0},"end":{"line":61,"column":4}},"19":{"start":{"line":39,"column":4},"end":{"line":60,"column":7}},"20":{"start":{"line":40,"column":6},"end":{"line":59,"column":9}},"21":{"start":{"line":41,"column":8},"end":{"line":41,"column":36}},"22":{"start":{"line":41,"column":17},"end":{"line":41,"column":36}},"23":{"start":{"line":42,"column":8},"end":{"line":44,"column":9}},"24":{"start":{"line":43,"column":10},"end":{"line":43,"column":62}},"25":{"start":{"line":46,"column":8},"end":{"line":58,"column":11}},"26":{"start":{"line":47,"column":10},"end":{"line":47,"column":38}},"27":{"start":{"line":47,"column":19},"end":{"line":47,"column":38}},"28":{"start":{"line":48,"column":10},"end":{"line":50,"column":11}},"29":{"start":{"line":49,"column":12},"end":{"line":49,"column":64}},"30":{"start":{"line":52,"column":24},"end":{"line":55,"column":11}},"31":{"start":{"line":57,"column":10},"end":{"line":57,"column":42}},"32":{"start":{"line":64,"column":0},"end":{"line":86,"column":2}},"33":{"start":{"line":65,"column":4},"end":{"line":85,"column":7}},"34":{"start":{"line":66,"column":8},"end":{"line":84,"column":11}},"35":{"start":{"line":67,"column":12},"end":{"line":67,"column":40}},"36":{"start":{"line":67,"column":21},"end":{"line":67,"column":40}},"37":{"start":{"line":68,"column":12},"end":{"line":68,"column":75}},"38":{"start":{"line":68,"column":23},"end":{"line":68,"column":75}},"39":{"start":{"line":70,"column":12},"end":{"line":83,"column":15}},"40":{"start":{"line":71,"column":16},"end":{"line":71,"column":44}},"41":{"start":{"line":71,"column":25},"end":{"line":71,"column":44}},"42":{"start":{"line":72,"column":16},"end":{"line":72,"column":87}},"43":{"start":{"line":72,"column":28},"end":{"line":72,"column":87}},"44":{"start":{"line":74,"column":16},"end":{"line":82,"column":19}},"45":{"start":{"line":75,"column":20},"end":{"line":75,"column":48}},"46":{"start":{"line":75,"column":29},"end":{"line":75,"column":48}},"47":{"start":{"line":76,"column":20},"end":{"line":76,"column":99}},"48":{"start":{"line":76,"column":31},"end":{"line":76,"column":99}},"49":{"start":{"line":78,"column":20},"end":{"line":81,"column":23}},"50":{"start":{"line":79,"column":24},"end":{"line":79,"column":52}},"51":{"start":{"line":79,"column":33},"end":{"line":79,"column":52}},"52":{"start":{"line":80,"column":24},"end":{"line":80,"column":40}}},"fnMap":{"0":{"name":"(anonymous_0)","decl":{"start":{"line":6,"column":27},"end":{"line":6,"column":28}},"loc":{"start":{"line":6,"column":43},"end":{"line":36,"column":1}},"line":6},"1":{"name":"(anonymous_1)","decl":{"start":{"line":7,"column":23},"end":{"line":7,"column":24}},"loc":{"start":{"line":7,"column":44},"end":{"line":35,"column":5}},"line":7},"2":{"name":"(anonymous_2)","decl":{"start":{"line":9,"column":37},"end":{"line":9,"column":38}},"loc":{"start":{"line":9,"column":67},"end":{"line":34,"column":9}},"line":9},"3":{"name":"(anonymous_3)","decl":{"start":{"line":16,"column":47},"end":{"line":16,"column":48}},"loc":{"start":{"line":16,"column":62},"end":{"line":33,"column":13}},"line":16},"4":{"name":"(anonymous_4)","decl":{"start":{"line":29,"column":37},"end":{"line":29,"column":38}},"loc":{"start":{"line":29,"column":59},"end":{"line":32,"column":17}},"line":29},"5":{"name":"(anonymous_5)","decl":{"start":{"line":38,"column":34},"end":{"line":38,"column":35}},"loc":{"start":{"line":38,"column":65},"end":{"line":61,"column":3}},"line":38},"6":{"name":"(anonymous_6)","decl":{"start":{"line":39,"column":23},"end":{"line":39,"column":24}},"loc":{"start":{"line":39,"column":44},"end":{"line":60,"column":5}},"line":39},"7":{"name":"(anonymous_7)","decl":{"start":{"line":40,"column":30},"end":{"line":40,"column":31}},"loc":{"start":{"line":40,"column":52},"end":{"line":59,"column":7}},"line":40},"8":{"name":"(anonymous_8)","decl":{"start":{"line":46,"column":63},"end":{"line":46,"column":64}},"loc":{"start":{"line":46,"column":80},"end":{"line":58,"column":9}},"line":46},"9":{"name":"(anonymous_9)","decl":{"start":{"line":64,"column":24},"end":{"line":64,"column":25}},"loc":{"start":{"line":64,"column":64},"end":{"line":86,"column":1}},"line":64},"10":{"name":"(anonymous_10)","decl":{"start":{"line":65,"column":23},"end":{"line":65,"column":24}},"loc":{"start":{"line":65,"column":44},"end":{"line":85,"column":5}},"line":65},"11":{"name":"(anonymous_11)","decl":{"start":{"line":66,"column":26},"end":{"line":66,"column":27}},"loc":{"start":{"line":66,"column":41},"end":{"line":84,"column":9}},"line":66},"12":{"name":"(anonymous_12)","decl":{"start":{"line":70,"column":59},"end":{"line":70,"column":60}},"loc":{"start":{"line":70,"column":75},"end":{"line":83,"column":13}},"line":70},"13":{"name":"(anonymous_13)","decl":{"start":{"line":74,"column":45},"end":{"line":74,"column":46}},"loc":{"start":{"line":74,"column":60},"end":{"line":82,"column":17}},"line":74},"14":{"name":"(anonymous_14)","decl":{"start":{"line":78,"column":50},"end":{"line":78,"column":51}},"loc":{"start":{"line":78,"column":67},"end":{"line":81,"column":21}},"line":78}},"branchMap":{"0":{"loc":{"start":{"line":10,"column":12},"end":{"line":10,"column":40}},"type":"if","locations":[{"start":{"line":10,"column":12},"end":{"line":10,"column":40}},{"start":{},"end":{}}],"line":10},"1":{"loc":{"start":{"line":11,"column":12},"end":{"line":13,"column":13}},"type":"if","locations":[{"start":{"line":11,"column":12},"end":{"line":13,"column":13}},{"start":{},"end":{}}],"line":11},"2":{"loc":{"start":{"line":17,"column":16},"end":{"line":17,"column":44}},"type":"if","locations":[{"start":{"line":17,"column":16},"end":{"line":17,"column":44}},{"start":{},"end":{}}],"line":17},"3":{"loc":{"start":{"line":30,"column":20},"end":{"line":30,"column":48}},"type":"if","locations":[{"start":{"line":30,"column":20},"end":{"line":30,"column":48}},{"start":{},"end":{}}],"line":30},"4":{"loc":{"start":{"line":41,"column":8},"end":{"line":41,"column":36}},"type":"if","locations":[{"start":{"line":41,"column":8},"end":{"line":41,"column":36}},{"start":{},"end":{}}],"line":41},"5":{"loc":{"start":{"line":42,"column":8},"end":{"line":44,"column":9}},"type":"if","locations":[{"start":{"line":42,"column":8},"end":{"line":44,"column":9}},{"start":{},"end":{}}],"line":42},"6":{"loc":{"start":{"line":47,"column":10},"end":{"line":47,"column":38}},"type":"if","locations":[{"start":{"line":47,"column":10},"end":{"line":47,"column":38}},{"start":{},"end":{}}],"line":47},"7":{"loc":{"start":{"line":48,"column":10},"end":{"line":50,"column":11}},"type":"if","locations":[{"start":{"line":48,"column":10},"end":{"line":50,"column":11}},{"start":{},"end":{}}],"line":48},"8":{"loc":{"start":{"line":67,"column":12},"end":{"line":67,"column":40}},"type":"if","locations":[{"start":{"line":67,"column":12},"end":{"line":67,"column":40}},{"start":{},"end":{}}],"line":67},"9":{"loc":{"start":{"line":68,"column":12},"end":{"line":68,"column":75}},"type":"if","locations":[{"start":{"line":68,"column":12},"end":{"line":68,"column":75}},{"start":{},"end":{}}],"line":68},"10":{"loc":{"start":{"line":71,"column":16},"end":{"line":71,"column":44}},"type":"if","locations":[{"start":{"line":71,"column":16},"end":{"line":71,"column":44}},{"start":{},"end":{}}],"line":71},"11":{"loc":{"start":{"line":72,"column":16},"end":{"line":72,"column":87}},"type":"if","locations":[{"start":{"line":72,"column":16},"end":{"line":72,"column":87}},{"start":{},"end":{}}],"line":72},"12":{"loc":{"start":{"line":75,"column":20},"end":{"line":75,"column":48}},"type":"if","locations":[{"start":{"line":75,"column":20},"end":{"line":75,"column":48}},{"start":{},"end":{}}],"line":75},"13":{"loc":{"start":{"line":76,"column":20},"end":{"line":76,"column":99}},"type":"if","locations":[{"start":{"line":76,"column":20},"end":{"line":76,"column":99}},{"start":{},"end":{}}],"line":76},"14":{"loc":{"start":{"line":79,"column":24},"end":{"line":79,"column":52}},"type":"if","locations":[{"start":{"line":79,"column":24},"end":{"line":79,"column":52}},{"start":{},"end":{}}],"line":79}},"s":{"0":2,"1":2,"2":2,"3":2,"4":3,"5":3,"6":3,"7":1,"8":2,"9":1,"10":1,"11":1,"12":0,"13":1,"14":1,"15":1,"16":0,"17":1,"18":2,"19":3,"20":3,"21":3,"22":0,"23":3,"24":1,"25":2,"26":2,"27":0,"28":2,"29":1,"30":1,"31":1,"32":2,"33":3,"34":3,"35":3,"36":0,"37":3,"38":1,"39":2,"40":2,"41":0,"42":2,"43":1,"44":1,"45":1,"46":0,"47":1,"48":0,"49":1,"50":1,"51":0,"52":1},"f":{"0":3,"1":3,"2":3,"3":1,"4":1,"5":3,"6":3,"7":3,"8":2,"9":3,"10":3,"11":3,"12":2,"13":1,"14":1},"b":{"0":[1,2],"1":[1,1],"2":[0,1],"3":[0,1],"4":[0,3],"5":[1,2],"6":[0,2],"7":[1,1],"8":[0,3],"9":[1,2],"10":[0,2],"11":[1,1],"12":[0,1],"13":[0,1],"14":[0,1]},"_coverageSchema":"1a1c01bbd47fc00a2c39e90264f33305004495a9","hash":"9cafd8e6feb261c3a2b33f3d6bc3f6fcfb597c30"}
}
