TN:
SF:config\db.js
FN:11,(anonymous_0)
FNF:1
FNH:1
FNDA:2,(anonymous_0)
DA:1,10
DA:2,10
DA:4,10
DA:11,10
DA:12,2
DA:13,1
DA:16,9
LF:7
LH:7
BRDA:12,0,0,1
BRDA:12,0,1,1
BRF:2
BRH:2
end_of_record
TN:
SF:controllers\EmotionController.js
FN:5,(anonymous_0)
FN:7,(anonymous_1)
FN:16,(anonymous_2)
FN:17,(anonymous_3)
FN:26,(anonymous_4)
FN:28,(anonymous_5)
FN:37,(anonymous_6)
FN:40,(anonymous_7)
FN:49,(anonymous_8)
FN:51,(anonymous_9)
FNF:10
FNH:10
FNDA:2,(anonymous_0)
FNDA:2,(anonymous_1)
FNDA:2,(anonymous_2)
FNDA:2,(anonymous_3)
FNDA:2,(anonymous_4)
FNDA:2,(anonymous_5)
FNDA:2,(anonymous_6)
FNDA:2,(anonymous_7)
FNDA:2,(anonymous_8)
FNDA:2,(anonymous_9)
DA:1,1
DA:3,1
DA:6,2
DA:7,2
DA:8,2
DA:9,1
DA:11,1
DA:17,2
DA:18,2
DA:19,1
DA:21,1
DA:27,2
DA:28,2
DA:29,2
DA:30,1
DA:32,1
DA:38,2
DA:39,2
DA:40,2
DA:41,2
DA:42,1
DA:44,1
DA:50,2
DA:51,2
DA:52,2
DA:53,1
DA:55,1
DA:60,1
LF:28
LH:28
BRDA:8,0,0,1
BRDA:8,0,1,1
BRDA:18,1,0,1
BRDA:18,1,1,1
BRDA:29,2,0,1
BRDA:29,2,1,1
BRDA:41,3,0,1
BRDA:41,3,1,1
BRDA:52,4,0,1
BRDA:52,4,1,1
BRF:10
BRH:10
end_of_record
TN:
SF:controllers\activitesController.js
FN:3,(anonymous_0)
FN:32,(anonymous_1)
FN:42,(anonymous_2)
FN:43,(anonymous_3)
FN:49,(anonymous_4)
FN:51,(anonymous_5)
FN:58,(anonymous_6)
FN:78,(anonymous_7)
FN:85,(anonymous_8)
FN:86,(anonymous_9)
FNF:10
FNH:10
FNDA:4,(anonymous_0)
FNDA:3,(anonymous_1)
FNDA:1,(anonymous_2)
FNDA:1,(anonymous_3)
FNDA:1,(anonymous_4)
FNDA:1,(anonymous_5)
FNDA:1,(anonymous_6)
FNDA:1,(anonymous_7)
FNDA:1,(anonymous_8)
FNDA:1,(anonymous_9)
DA:1,1
DA:3,1
DA:8,4
DA:11,4
DA:12,1
DA:16,3
DA:17,0
DA:20,3
DA:32,3
DA:33,3
DA:34,1
DA:35,1
DA:37,2
DA:42,1
DA:43,1
DA:44,1
DA:45,1
DA:49,1
DA:50,1
DA:51,1
DA:52,1
DA:53,1
DA:58,1
DA:59,1
DA:60,1
DA:62,1
DA:63,0
DA:66,1
DA:78,1
DA:79,1
DA:80,1
DA:85,1
DA:86,1
DA:87,1
DA:88,1
LF:35
LH:33
BRDA:11,0,0,1
BRDA:11,0,1,3
BRDA:11,1,0,4
BRDA:11,1,1,3
BRDA:11,1,2,3
BRDA:16,2,0,0
BRDA:16,2,1,3
BRDA:21,3,0,3
BRDA:21,3,1,0
BRDA:25,4,0,3
BRDA:25,4,1,3
BRDA:26,5,0,3
BRDA:26,5,1,3
BRDA:27,6,0,3
BRDA:27,6,1,3
BRDA:28,7,0,3
BRDA:28,7,1,3
BRDA:29,8,0,3
BRDA:29,8,1,3
BRDA:33,9,0,1
BRDA:33,9,1,2
BRDA:44,10,0,0
BRDA:44,10,1,1
BRDA:52,11,0,0
BRDA:52,11,1,1
BRDA:62,12,0,0
BRDA:62,12,1,1
BRDA:79,13,0,0
BRDA:79,13,1,1
BRDA:87,14,0,0
BRDA:87,14,1,1
BRF:31
BRH:24
end_of_record
TN:
SF:controllers\categoriesController.js
FN:6,(anonymous_0)
FN:7,(anonymous_1)
FNF:2
FNH:2
FNDA:2,(anonymous_0)
FNDA:2,(anonymous_1)
DA:1,1
DA:4,1
DA:7,2
DA:8,2
DA:9,1
DA:10,1
DA:12,1
DA:17,1
LF:8
LH:8
BRDA:8,0,0,1
BRDA:8,0,1,1
BRF:2
BRH:2
end_of_record
TN:
SF:controllers\favorisController.js
FN:4,(anonymous_0)
FN:10,(anonymous_1)
FN:21,(anonymous_2)
FN:23,(anonymous_3)
FN:33,(anonymous_4)
FN:34,(anonymous_5)
FN:44,(anonymous_6)
FN:46,(anonymous_7)
FN:56,(anonymous_8)
FN:63,(anonymous_9)
FN:73,(anonymous_10)
FN:75,(anonymous_11)
FNF:12
FNH:12
FNDA:1,(anonymous_0)
FNDA:1,(anonymous_1)
FNDA:1,(anonymous_2)
FNDA:1,(anonymous_3)
FNDA:1,(anonymous_4)
FNDA:1,(anonymous_5)
FNDA:1,(anonymous_6)
FNDA:1,(anonymous_7)
FNDA:1,(anonymous_8)
FNDA:1,(anonymous_9)
FNDA:1,(anonymous_10)
FNDA:1,(anonymous_11)
DA:1,1
DA:4,1
DA:5,1
DA:10,1
DA:11,1
DA:12,0
DA:13,0
DA:15,1
DA:21,1
DA:22,1
DA:23,1
DA:24,1
DA:25,0
DA:27,1
DA:33,1
DA:34,1
DA:35,1
DA:36,0
DA:38,1
DA:44,1
DA:45,1
DA:46,1
DA:47,1
DA:48,0
DA:50,1
DA:56,1
DA:57,1
DA:58,1
DA:63,1
DA:64,1
DA:65,0
DA:67,1
DA:73,1
DA:74,1
DA:75,1
DA:76,1
DA:77,0
DA:79,1
LF:38
LH:31
BRDA:7,0,0,1
BRDA:7,0,1,1
BRDA:11,1,0,0
BRDA:11,1,1,1
BRDA:24,2,0,0
BRDA:24,2,1,1
BRDA:35,3,0,0
BRDA:35,3,1,1
BRDA:47,4,0,0
BRDA:47,4,1,1
BRDA:60,5,0,1
BRDA:60,5,1,1
BRDA:64,6,0,0
BRDA:64,6,1,1
BRDA:76,7,0,0
BRDA:76,7,1,1
BRF:16
BRH:10
end_of_record
TN:
SF:controllers\infoController.js
FN:3,(anonymous_0)
FN:7,(anonymous_1)
FN:13,(anonymous_2)
FN:14,(anonymous_3)
FN:23,(anonymous_4)
FN:28,(anonymous_5)
FN:37,(anonymous_6)
FN:40,(anonymous_7)
FNF:8
FNH:8
FNDA:2,(anonymous_0)
FNDA:2,(anonymous_1)
FNDA:2,(anonymous_2)
FNDA:2,(anonymous_3)
FNDA:2,(anonymous_4)
FNDA:2,(anonymous_5)
FNDA:2,(anonymous_6)
FNDA:2,(anonymous_7)
DA:1,1
DA:3,1
DA:4,2
DA:5,2
DA:7,2
DA:8,2
DA:9,2
DA:13,1
DA:14,2
DA:15,2
DA:16,1
DA:17,1
DA:19,2
DA:23,1
DA:24,2
DA:25,2
DA:26,2
DA:28,2
DA:29,2
DA:30,1
DA:31,1
DA:33,1
DA:37,1
DA:38,2
DA:40,2
DA:41,2
DA:42,1
DA:43,1
DA:45,1
LF:29
LH:29
BRDA:8,0,0,1
BRDA:8,0,1,1
BRDA:15,1,0,1
BRDA:15,1,1,1
BRDA:29,2,0,1
BRDA:29,2,1,1
BRDA:41,3,0,1
BRDA:41,3,1,1
BRF:8
BRH:8
end_of_record
TN:
SF:controllers\userController.js
FN:7,(anonymous_0)
FN:24,(anonymous_1)
FN:25,(anonymous_2)
FN:32,(anonymous_3)
FN:34,(anonymous_4)
FN:42,(anonymous_5)
FN:51,(anonymous_6)
FN:55,(anonymous_7)
FN:60,(anonymous_8)
FN:69,(anonymous_9)
FN:74,(anonymous_10)
FN:82,(anonymous_11)
FN:95,(anonymous_12)
FN:97,(anonymous_13)
FN:105,(anonymous_14)
FN:117,(anonymous_15)
FNF:16
FNH:11
FNDA:2,(anonymous_0)
FNDA:1,(anonymous_1)
FNDA:1,(anonymous_2)
FNDA:0,(anonymous_3)
FNDA:0,(anonymous_4)
FNDA:1,(anonymous_5)
FNDA:1,(anonymous_6)
FNDA:1,(anonymous_7)
FNDA:1,(anonymous_8)
FNDA:0,(anonymous_9)
FNDA:0,(anonymous_10)
FNDA:2,(anonymous_11)
FNDA:2,(anonymous_12)
FNDA:2,(anonymous_13)
FNDA:0,(anonymous_14)
FNDA:1,(anonymous_15)
DA:1,1
DA:2,1
DA:3,1
DA:4,1
DA:7,1
DA:8,2
DA:11,2
DA:12,1
DA:15,1
DA:16,1
DA:17,1
DA:19,0
DA:24,1
DA:25,1
DA:26,1
DA:27,1
DA:32,1
DA:33,0
DA:34,0
DA:35,0
DA:36,0
DA:37,0
DA:42,1
DA:43,1
DA:44,1
DA:46,1
DA:47,1
DA:48,0
DA:51,1
DA:52,1
DA:53,1
DA:55,1
DA:56,1
DA:57,0
DA:58,0
DA:60,1
DA:61,1
DA:62,1
DA:66,1
DA:69,0
DA:70,0
DA:71,0
DA:72,0
DA:74,0
DA:75,0
DA:76,0
DA:82,1
DA:83,2
DA:84,2
DA:86,2
DA:87,2
DA:88,1
DA:90,1
DA:95,1
DA:96,2
DA:97,2
DA:98,2
DA:99,2
DA:100,1
DA:105,1
DA:106,0
DA:108,0
DA:109,0
DA:110,0
DA:112,0
DA:117,1
DA:118,1
DA:119,1
DA:121,1
DA:122,1
DA:123,1
DA:124,0
DA:126,1
DA:127,1
LF:74
LH:52
BRDA:11,0,0,1
BRDA:11,0,1,1
BRDA:26,1,0,0
BRDA:26,1,1,1
BRDA:35,2,0,0
BRDA:35,2,1,0
BRDA:36,3,0,0
BRDA:36,3,1,0
BRDA:47,4,0,0
BRDA:47,4,1,1
BRDA:52,5,0,0
BRDA:52,5,1,1
BRDA:56,6,0,0
BRDA:56,6,1,1
BRDA:61,7,0,0
BRDA:61,7,1,1
BRDA:70,8,0,0
BRDA:70,8,1,0
BRDA:75,9,0,0
BRDA:75,9,1,0
BRDA:98,10,0,0
BRDA:98,10,1,2
BRDA:99,11,0,1
BRDA:99,11,1,1
BRF:24
BRH:10
end_of_record
TN:
SF:models\Activites.js
FN:5,(anonymous_0)
FN:21,(anonymous_1)
FN:27,(anonymous_2)
FN:33,(anonymous_3)
FN:39,(anonymous_4)
FN:55,(anonymous_5)
FNF:6
FNH:5
FNDA:1,(anonymous_0)
FNDA:1,(anonymous_1)
FNDA:1,(anonymous_2)
FNDA:0,(anonymous_3)
FNDA:1,(anonymous_4)
FNDA:1,(anonymous_5)
DA:1,2
DA:3,2
DA:6,1
DA:13,1
DA:22,1
DA:23,1
DA:28,1
DA:29,1
DA:34,0
DA:35,0
DA:40,1
DA:47,1
DA:56,1
DA:57,1
DA:61,2
LF:15
LH:13
BRF:0
BRH:0
end_of_record
TN:
SF:models\Categorie.js
FN:5,(anonymous_0)
FN:11,(anonymous_1)
FN:17,(anonymous_2)
FN:23,(anonymous_3)
FN:29,(anonymous_4)
FN:35,(anonymous_5)
FNF:6
FNH:6
FNDA:1,(anonymous_0)
FNDA:1,(anonymous_1)
FNDA:1,(anonymous_2)
FNDA:1,(anonymous_3)
FNDA:1,(anonymous_4)
FNDA:1,(anonymous_5)
DA:1,2
DA:3,2
DA:6,1
DA:7,1
DA:12,1
DA:13,1
DA:18,1
DA:19,1
DA:24,1
DA:25,1
DA:30,1
DA:31,1
DA:36,1
DA:37,1
DA:41,2
LF:15
LH:15
BRF:0
BRH:0
end_of_record
TN:
SF:models\Emotion.js
FN:5,(anonymous_0)
FN:14,(anonymous_1)
FN:20,(anonymous_2)
FN:26,(anonymous_3)
FN:36,(anonymous_4)
FNF:5
FNH:5
FNDA:1,(anonymous_0)
FNDA:1,(anonymous_1)
FNDA:1,(anonymous_2)
FNDA:1,(anonymous_3)
FNDA:1,(anonymous_4)
DA:1,2
DA:3,2
DA:6,1
DA:10,1
DA:15,1
DA:16,1
DA:21,1
DA:22,1
DA:27,1
DA:32,1
DA:37,1
DA:38,1
DA:42,2
LF:13
LH:13
BRF:0
BRH:0
end_of_record
TN:
SF:models\Favoris.js
FN:5,(anonymous_0)
FN:7,(anonymous_1)
FN:17,(anonymous_2)
FN:27,(anonymous_3)
FN:38,(anonymous_4)
FN:49,(anonymous_5)
FN:55,(anonymous_6)
FNF:7
FNH:6
FNDA:1,(anonymous_0)
FNDA:0,(anonymous_1)
FNDA:1,(anonymous_2)
FNDA:1,(anonymous_3)
FNDA:1,(anonymous_4)
FNDA:1,(anonymous_5)
FNDA:1,(anonymous_6)
DA:1,2
DA:3,2
DA:6,1
DA:7,1
DA:8,0
DA:9,0
DA:10,0
DA:12,0
DA:18,1
DA:23,1
DA:28,1
DA:34,1
DA:39,1
DA:45,1
DA:50,1
DA:51,1
DA:56,1
DA:57,1
DA:61,2
LF:19
LH:15
BRDA:7,0,0,1
BRDA:7,0,1,1
BRDA:8,1,0,0
BRDA:8,1,1,0
BRDA:51,2,0,1
BRDA:51,2,1,1
BRF:6
BRH:4
end_of_record
TN:
SF:models\Info.js
FN:4,(anonymous_0)
FN:8,(anonymous_1)
FN:12,(anonymous_2)
FN:16,(anonymous_3)
FNF:4
FNH:4
FNDA:2,(anonymous_0)
FNDA:2,(anonymous_1)
FNDA:2,(anonymous_2)
FNDA:2,(anonymous_3)
DA:1,2
DA:3,2
DA:5,2
DA:6,2
DA:9,2
DA:10,2
DA:13,2
DA:14,2
DA:17,2
DA:18,2
DA:22,2
LF:11
LH:11
BRF:0
BRH:0
end_of_record
TN:
SF:models\User.js
FN:5,(anonymous_0)
FN:11,(anonymous_1)
FN:17,(anonymous_2)
FN:19,(anonymous_3)
FN:26,(anonymous_4)
FN:32,(anonymous_5)
FN:38,(anonymous_6)
FN:45,(anonymous_7)
FN:51,(anonymous_8)
FNF:9
FNH:5
FNDA:1,(anonymous_0)
FNDA:1,(anonymous_1)
FNDA:1,(anonymous_2)
FNDA:0,(anonymous_3)
FNDA:0,(anonymous_4)
FNDA:1,(anonymous_5)
FNDA:0,(anonymous_6)
FNDA:1,(anonymous_7)
FNDA:0,(anonymous_8)
DA:1,3
DA:3,3
DA:6,1
DA:7,1
DA:12,1
DA:13,1
DA:18,1
DA:19,1
DA:20,0
DA:21,0
DA:27,0
DA:28,0
DA:33,1
DA:34,1
DA:39,0
DA:40,0
DA:46,1
DA:47,1
DA:52,0
DA:58,3
LF:20
LH:13
BRDA:20,0,0,0
BRDA:20,0,1,0
BRF:2
BRH:0
end_of_record
TN:
SF:services\userService.js
FN:6,(anonymous_0)
FN:7,(anonymous_1)
FN:9,(anonymous_2)
FN:16,(anonymous_3)
FN:29,(anonymous_4)
FN:38,(anonymous_5)
FN:39,(anonymous_6)
FN:40,(anonymous_7)
FN:46,(anonymous_8)
FN:64,(anonymous_9)
FN:65,(anonymous_10)
FN:66,(anonymous_11)
FN:70,(anonymous_12)
FN:74,(anonymous_13)
FN:78,(anonymous_14)
FNF:15
FNH:15
FNDA:3,(anonymous_0)
FNDA:3,(anonymous_1)
FNDA:3,(anonymous_2)
FNDA:1,(anonymous_3)
FNDA:1,(anonymous_4)
FNDA:3,(anonymous_5)
FNDA:3,(anonymous_6)
FNDA:3,(anonymous_7)
FNDA:2,(anonymous_8)
FNDA:3,(anonymous_9)
FNDA:3,(anonymous_10)
FNDA:3,(anonymous_11)
FNDA:2,(anonymous_12)
FNDA:1,(anonymous_13)
FNDA:1,(anonymous_14)
DA:1,2
DA:3,2
DA:4,2
DA:6,2
DA:7,3
DA:9,3
DA:10,3
DA:11,2
DA:12,1
DA:16,1
DA:17,1
DA:20,1
DA:29,1
DA:30,1
DA:31,1
DA:38,2
DA:39,3
DA:40,3
DA:41,3
DA:42,3
DA:43,1
DA:46,2
DA:47,2
DA:48,2
DA:49,1
DA:52,1
DA:57,1
DA:64,2
DA:65,3
DA:66,3
DA:67,3
DA:68,3
DA:70,2
DA:71,2
DA:72,2
DA:74,1
DA:75,1
DA:76,1
DA:78,1
DA:79,1
DA:80,1
LF:41
LH:41
BRDA:10,0,0,1
BRDA:10,0,1,2
BRDA:11,1,0,1
BRDA:11,1,1,1
BRDA:17,2,0,0
BRDA:17,2,1,1
BRDA:30,3,0,0
BRDA:30,3,1,1
BRDA:41,4,0,0
BRDA:41,4,1,3
BRDA:42,5,0,1
BRDA:42,5,1,2
BRDA:47,6,0,0
BRDA:47,6,1,2
BRDA:48,7,0,1
BRDA:48,7,1,1
BRDA:67,8,0,0
BRDA:67,8,1,3
BRDA:68,9,0,1
BRDA:68,9,1,2
BRDA:71,10,0,0
BRDA:71,10,1,2
BRDA:72,11,0,1
BRDA:72,11,1,1
BRDA:75,12,0,0
BRDA:75,12,1,1
BRDA:76,13,0,0
BRDA:76,13,1,1
BRDA:79,14,0,0
BRDA:79,14,1,1
BRF:30
BRH:21
end_of_record
